#
# There is insufficient memory for the Java Runtime Environment to continue.
# Native memory allocation (malloc) failed to allocate 1048576 bytes for AllocateHeap
# Possible reasons:
#   The system is out of physical RAM or swap space
#   In 32 bit mode, the process size limit was hit
# Possible solutions:
#   Reduce memory load on the system
#   Increase physical memory or swap space
#   Check if swap backing store is full
#   Use 64 bit Java on a 64 bit OS
#   Decrease Java heap size (-Xmx/-Xms)
#   Decrease number of Java threads
#   Decrease Java thread stack sizes (-Xss)
#   Set larger code cache with -XX:ReservedCodeCacheSize=
# This output file may be truncated or incomplete.
#
#  Out of Memory Error (memory/allocation.inline.hpp:61), pid=7632, tid=6060
#
# JRE version:  (7.0_79-b15) (build )
# Java VM: Java HotSpot(TM) 64-Bit Server VM (24.79-b02 mixed mode windows-amd64 compressed oops)
# Failed to write core dump. Minidumps are not enabled by default on client versions of Windows
#

---------------  T H R E A D  ---------------

Current thread (0x00000000026c0800):  JavaThread "Unknown thread" [_thread_in_vm, id=6060, stack(0x00000000025c0000,0x00000000026c0000)]

Stack: [0x00000000025c0000,0x00000000026c0000]
[error occurred during error reporting (printing stack bounds), id 0xc0000005]


---------------  P R O C E S S  ---------------

Java Threads: ( => current thread )

Other Threads:

=>0x00000000026c0800 (exited) JavaThread "Unknown thread" [_thread_in_vm, id=6060, stack(0x00000000025c0000,0x00000000026c0000)]

VM state:not at safepoint (normal execution)

VM Mutex/Monitor currently owned by a thread: None

Heap
 PSYoungGen      total 38400K, used 665K [0x00000000eaa80000, 0x00000000ed500000, 0x0000000100000000)
  eden space 33280K, 2% used [0x00000000eaa80000,0x00000000eab266b8,0x00000000ecb00000)
  from space 5120K, 0% used [0x00000000ed000000,0x00000000ed000000,0x00000000ed500000)
  to   space 5120K, 0% used [0x00000000ecb00000,0x00000000ecb00000,0x00000000ed000000)
 ParOldGen       total 86016K, used 0K [0x00000000c0000000, 0x00000000c5400000, 0x00000000eaa80000)
  object space 86016K, 0% used [0x00000000c0000000,0x00000000c0000000,0x00000000c5400000)
 PSPermGen       total 21504K, used 697K [0x00000000bae00000, 0x00000000bc300000, 0x00000000c0000000)
  object space 21504K, 3% used [0x00000000bae00000,0x00000000baeae588,0x00000000bc300000)

Card table byte_map: [0x0000000005880000,0x0000000005ab0000] byte_map_base: 0x00000000052a9000

Polling page: 0x0000000000920000

Code Cache  [0x00000000027c0000, 0x0000000002a30000, 0x00000000057c0000)
 total_blobs=38 nmethods=0 adapters=20 free_code_cache=48889Kb largest_free_block=50062528

Compilation events (0 events):
No events

GC Heap History (0 events):
No events

Deoptimization events (0 events):
No events

Internal exceptions (0 events):
No events

Events (10 events):
Event: 0.024 loading class 0x0000000002706080
Event: 0.024 loading class 0x0000000002706080 done
Event: 0.024 loading class 0x00000000027060d0
Event: 0.024 loading class 0x00000000027060d0 done
Event: 0.025 loading class 0x0000000002706120
Event: 0.025 loading class 0x0000000002706120 done
Event: 0.025 loading class 0x0000000002706ea0
Event: 0.026 loading class 0x0000000002706ea0 done
Event: 0.026 loading class 0x0000000002706ac0
Event: 0.026 loading class 0x0000000002706ac0 done


Dynamic libraries:
0x00007ff60ee50000 - 0x00007ff60ee83000 	C:\Program Files\Java\jdk1.7.0_79\bin\java.exe
0x00007ffdf8910000 - 0x00007ffdf8ad1000 	C:\Windows\SYSTEM32\ntdll.dll
0x00007ffdf6db0000 - 0x00007ffdf6e5d000 	C:\Windows\system32\KERNEL32.DLL
0x00007ffdf53e0000 - 0x00007ffdf55bd000 	C:\Windows\system32\KERNELBASE.dll
0x00007ffdf8790000 - 0x00007ffdf8836000 	C:\Windows\system32\ADVAPI32.dll
0x00007ffdf6a00000 - 0x00007ffdf6a9d000 	C:\Windows\system32\msvcrt.dll
0x00007ffdf88b0000 - 0x00007ffdf890b000 	C:\Windows\system32\sechost.dll
0x00007ffdf5fe0000 - 0x00007ffdf6106000 	C:\Windows\system32\RPCRT4.dll
0x00007ffdf6870000 - 0x00007ffdf69be000 	C:\Windows\system32\USER32.dll
0x00007ffdf65a0000 - 0x00007ffdf6726000 	C:\Windows\system32\GDI32.dll
0x00007ffdf1650000 - 0x00007ffdf18c4000 	C:\Windows\WinSxS\amd64_microsoft.windows.common-controls_6595b64144ccf1df_6.0.10240.16384_none_f41f7b285750ef43\COMCTL32.dll
0x00007ffdf69c0000 - 0x00007ffdf69f6000 	C:\Windows\system32\IMM32.DLL
0x00007ffdf6c50000 - 0x00007ffdf6dac000 	C:\Windows\system32\MSCTF.dll
0x00007ffdf5230000 - 0x00007ffdf5261000 	C:\Windows\system32\nvinitx.dll
0x00007ffdf5220000 - 0x00007ffdf522a000 	C:\Windows\SYSTEM32\VERSION.dll
0x0000000059ee0000 - 0x0000000059ee6000 	C:\Program Files\NVIDIA Corporation\CoProcManager\_etoured.dll
0x00007ffdf3a80000 - 0x00007ffdf3ab3000 	C:\Program Files\NVIDIA Corporation\CoProcManager\nvd3d9wrapx.dll
0x00007ffdf6e60000 - 0x00007ffdf7025000 	C:\Windows\system32\SETUPAPI.dll
0x00007ffdf5f90000 - 0x00007ffdf5fd4000 	C:\Windows\system32\CFGMGR32.dll
0x00007ffdf3a50000 - 0x00007ffdf3a72000 	C:\Program Files\NVIDIA Corporation\CoProcManager\nvdxgiwrapx.dll
0x0000000057cc0000 - 0x0000000057d92000 	C:\Program Files\Java\jdk1.7.0_79\jre\bin\msvcr100.dll
0x0000000058130000 - 0x0000000058905000 	C:\Program Files\Java\jdk1.7.0_79\jre\bin\server\jvm.dll
0x00007ffdf7030000 - 0x00007ffdf7038000 	C:\Windows\system32\PSAPI.DLL
0x00007ffdf2530000 - 0x00007ffdf2539000 	C:\Windows\SYSTEM32\WSOCK32.dll
0x00007ffdf39c0000 - 0x00007ffdf39e3000 	C:\Windows\SYSTEM32\WINMM.dll
0x00007ffdf6730000 - 0x00007ffdf6799000 	C:\Windows\system32\WS2_32.dll
0x00007ffdf3990000 - 0x00007ffdf39bc000 	C:\Windows\SYSTEM32\WINMMBASE.dll
0x00007ffdf85d0000 - 0x00007ffdf85d8000 	C:\Windows\system32\NSI.dll
0x00007ffdf3c60000 - 0x00007ffdf3c87000 	C:\Windows\SYSTEM32\DEVOBJ.dll
0x0000000058940000 - 0x000000005894f000 	C:\Program Files\Java\jdk1.7.0_79\jre\bin\verify.dll
0x0000000058100000 - 0x0000000058128000 	C:\Program Files\Java\jdk1.7.0_79\jre\bin\java.dll
0x00000000580e0000 - 0x00000000580f5000 	C:\Program Files\Java\jdk1.7.0_79\jre\bin\zip.dll

VM Arguments:
jvm_args: -Djava.awt.headless=true -Xmx1024M -Dfile.encoding=windows-1251 -Duser.country=UA -Duser.language=uk -Duser.variant 
java_command: com.android.dx.command.Main --dex --num-threads=4 --output C:\Users\Dmytro\AndroidStudioProjects\PhotoGallery\app\build\intermediates\pre-dexed\debug\com.android.support-appcompat-v7-23.1.0_8b7501c407ddbfb99773546c449db586bac2ab9a.jar C:\Users\Dmytro\AndroidStudioProjects\PhotoGallery\app\build\intermediates\exploded-aar\com.android.support\appcompat-v7\23.1.0\jars\classes.jar
Launcher Type: SUN_STANDARD

Environment Variables:
JAVA_HOME=C:\Program Files\Java\jdk1.7.0_79
PATH=C:\Program Files\Java\jdk1.7.0_79;C:\Program Files (x86)\NVIDIA Corporation\PhysX\Common;C:\Program Files (x86)\Skype\Phone\
USERNAME=Dmytro
OS=Windows_NT
PROCESSOR_IDENTIFIER=Intel64 Family 6 Model 58 Stepping 9, GenuineIntel



---------------  S Y S T E M  ---------------

OS: Windows 8.1 , 64 bit Build 9600 

CPU:total 4 (2 cores per cpu, 2 threads per core) family 6 model 58 stepping 9, cmov, cx8, fxsr, mmx, sse, sse2, sse3, ssse3, sse4.1, sse4.2, popcnt, avx, erms, ht, tsc, tscinvbit, tscinv

Memory: 4k page, physical 8271684k(1191024k free), swap 8271684k(5600k free)

vm_info: Java HotSpot(TM) 64-Bit Server VM (24.79-b02) for windows-amd64 JRE (1.7.0_79-b15), built on Apr 10 2015 12:36:16 by "java_re" with unknown MS VC++:1600

time: Tue Feb 09 16:09:28 2016
elapsed time: 0 seconds

