#
# There is insufficient memory for the Java Runtime Environment to continue.
# Native memory allocation (malloc) failed to allocate 820816 bytes for Chunk::new
# Possible reasons:
#   The system is out of physical RAM or swap space
#   In 32 bit mode, the process size limit was hit
# Possible solutions:
#   Reduce memory load on the system
#   Increase physical memory or swap space
#   Check if swap backing store is full
#   Use 64 bit Java on a 64 bit OS
#   Decrease Java heap size (-Xmx/-Xms)
#   Decrease number of Java threads
#   Decrease Java thread stack sizes (-Xss)
#   Set larger code cache with -XX:ReservedCodeCacheSize=
# This output file may be truncated or incomplete.
#
#  Out of Memory Error (allocation.cpp:323), pid=5792, tid=4784
#
# JRE version: Java(TM) SE Runtime Environment (7.0_79-b15) (build 1.7.0_79-b15)
# Java VM: Java HotSpot(TM) 64-Bit Server VM (24.79-b02 mixed mode windows-amd64 compressed oops)
# Failed to write core dump. Minidumps are not enabled by default on client versions of Windows
#

---------------  T H R E A D  ---------------

Current thread (0x00000000084cd800):  JavaThread "C2 CompilerThread1" daemon [_thread_in_native, id=4784, stack(0x0000000009b60000,0x0000000009c60000)]

Stack: [0x0000000009b60000,0x0000000009c60000]
[error occurred during error reporting (printing stack bounds), id 0xc0000005]


[error occurred during error reporting (printing native stack), id 0xc0000005]


Current CompileTask:
C2:   6268  353             com.android.dx.ssa.DeadCodeRemover::run (194 bytes)


---------------  P R O C E S S  ---------------

Java Threads: ( => current thread )
  0x000000000a00e000 JavaThread "pool-1-thread-4" [_thread_in_Java, id=6584, stack(0x000000000a660000,0x000000000a760000)]
  0x000000000a001800 JavaThread "pool-1-thread-3" [_thread_in_Java, id=4636, stack(0x000000000a560000,0x000000000a660000)]
  0x000000000a000800 JavaThread "pool-1-thread-2" [_thread_in_vm, id=32, stack(0x000000000a460000,0x000000000a560000)]
  0x0000000009ee7000 JavaThread "pool-2-thread-1" [_thread_blocked, id=5568, stack(0x000000000a360000,0x000000000a460000)]
  0x0000000009ee5000 JavaThread "pool-1-thread-1" [_thread_in_Java, id=968, stack(0x000000000a260000,0x000000000a360000)]
  0x00000000084d0000 JavaThread "Service Thread" daemon [_thread_blocked, id=208, stack(0x0000000009c60000,0x0000000009d60000)]
=>0x00000000084cd800 JavaThread "C2 CompilerThread1" daemon [_thread_in_native, id=4784, stack(0x0000000009b60000,0x0000000009c60000)]
  0x00000000084c3800 JavaThread "C2 CompilerThread0" daemon [_thread_in_native, id=6044, stack(0x0000000009a60000,0x0000000009b60000)]
  0x00000000084c2800 JavaThread "Attach Listener" daemon [_thread_blocked, id=1968, stack(0x0000000009960000,0x0000000009a60000)]
  0x00000000084bf800 JavaThread "Signal Dispatcher" daemon [_thread_blocked, id=6964, stack(0x0000000009860000,0x0000000009960000)]
  0x0000000008488800 JavaThread "Finalizer" daemon [_thread_blocked, id=2312, stack(0x0000000009760000,0x0000000009860000)]
  0x0000000008485000 JavaThread "Reference Handler" daemon [_thread_blocked, id=4280, stack(0x0000000009660000,0x0000000009760000)]
  0x0000000002530800 JavaThread "main" [_thread_in_Java, id=6760, stack(0x0000000002340000,0x0000000002440000)]

Other Threads:
  0x0000000008480000 VMThread [stack: 0x0000000009560000,0x0000000009660000] [id=4824]
  0x00000000084df000 WatcherThread [stack: 0x0000000009d60000,0x0000000009e60000] [id=3544]

VM state:not at safepoint (normal execution)

VM Mutex/Monitor currently owned by a thread: None

Heap
 PSYoungGen      total 38400K, used 35612K [0x00000000eaa80000, 0x00000000ef580000, 0x0000000100000000)
  eden space 33280K, 91% used [0x00000000eaa80000,0x00000000ec84ce88,0x00000000ecb00000)
  from space 5120K, 99% used [0x00000000ecb00000,0x00000000ecffa290,0x00000000ed000000)
  to   space 5120K, 0% used [0x00000000ef080000,0x00000000ef080000,0x00000000ef580000)
 ParOldGen       total 86016K, used 1170K [0x00000000c0000000, 0x00000000c5400000, 0x00000000eaa80000)
  object space 86016K, 1% used [0x00000000c0000000,0x00000000c0124b40,0x00000000c5400000)
 PSPermGen       total 21504K, used 5916K [0x00000000bae00000, 0x00000000bc300000, 0x00000000c0000000)
  object space 21504K, 27% used [0x00000000bae00000,0x00000000bb3c7220,0x00000000bc300000)

Card table byte_map: [0x00000000056f0000,0x0000000005920000] byte_map_base: 0x0000000005119000

Polling page: 0x0000000002440000

Code Cache  [0x0000000002630000, 0x00000000028a0000, 0x0000000005630000)
 total_blobs=590 nmethods=353 adapters=189 free_code_cache=47819Kb largest_free_block=48940544

Compilation events (10 events):
Event: 6.199 Thread 0x00000000084cd800 nmethod 351 0x000000000277db50 code [0x000000000277dce0, 0x000000000277e0d0]
Event: 6.200 Thread 0x00000000084cd800  352             com.android.dx.cf.iface.StdMember::getAccessFlags (5 bytes)
Event: 6.200 Thread 0x00000000084cd800 nmethod 352 0x000000000277aad0 code [0x000000000277ac00, 0x000000000277ac58]
Event: 6.205 Thread 0x00000000084c3800 nmethod 348 0x000000000277b510 code [0x000000000277b6c0, 0x000000000277bfc8]
Event: 6.237 Thread 0x00000000084cd800  353             com.android.dx.ssa.DeadCodeRemover::run (194 bytes)
Event: 6.239 Thread 0x00000000084c3800  354             java.lang.Long::numberOfTrailingZeros (116 bytes)
Event: 6.240 Thread 0x00000000084c3800 nmethod 354 0x000000000277a890 code [0x000000000277a9c0, 0x000000000277aa78]
Event: 6.242 Thread 0x00000000084c3800  355             com.android.dx.ssa.back.LivenessAnalyzer::coInterferePhis (128 bytes)
Event: 6.261 Thread 0x00000000084c3800 nmethod 355 0x0000000002780690 code [0x0000000002780860, 0x0000000002780f88]
Event: 6.261 Thread 0x00000000084c3800  356             com.android.dx.cf.code.BaseMachine::popArgs (62 bytes)

GC Heap History (2 events):
Event: 3.881 GC heap before
{Heap before GC invocations=1 (full 0):
 PSYoungGen      total 38400K, used 33280K [0x00000000eaa80000, 0x00000000ed500000, 0x0000000100000000)
  eden space 33280K, 100% used [0x00000000eaa80000,0x00000000ecb00000,0x00000000ecb00000)
  from space 5120K, 0% used [0x00000000ed000000,0x00000000ed000000,0x00000000ed500000)
  to   space 5120K, 0% used [0x00000000ecb00000,0x00000000ecb00000,0x00000000ed000000)
 ParOldGen       total 86016K, used 0K [0x00000000c0000000, 0x00000000c5400000, 0x00000000eaa80000)
  object space 86016K, 0% used [0x00000000c0000000,0x00000000c0000000,0x00000000c5400000)
 PSPermGen       total 21504K, used 5836K [0x00000000bae00000, 0x00000000bc300000, 0x00000000c0000000)
  object space 21504K, 27% used [0x00000000bae00000,0x00000000bb3b31b0,0x00000000bc300000)
Event: 4.214 GC heap after
Heap after GC invocations=1 (full 0):
 PSYoungGen      total 38400K, used 5096K [0x00000000eaa80000, 0x00000000ef580000, 0x0000000100000000)
  eden space 33280K, 0% used [0x00000000eaa80000,0x00000000eaa80000,0x00000000ecb00000)
  from space 5120K, 99% used [0x00000000ecb00000,0x00000000ecffa290,0x00000000ed000000)
  to   space 5120K, 0% used [0x00000000ef080000,0x00000000ef080000,0x00000000ef580000)
 ParOldGen       total 86016K, used 1170K [0x00000000c0000000, 0x00000000c5400000, 0x00000000eaa80000)
  object space 86016K, 1% used [0x00000000c0000000,0x00000000c0124b40,0x00000000c5400000)
 PSPermGen       total 21504K, used 5836K [0x00000000bae00000, 0x00000000bc300000, 0x00000000c0000000)
  object space 21504K, 27% used [0x00000000bae00000,0x00000000bb3b31b0,0x00000000bc300000)
}

Deoptimization events (10 events):
Event: 5.062 Thread 0x000000000a00e000 Uncommon trap: reason=unreached action=reinterpret pc=0x0000000002715fb8 method=com.android.dx.rop.code.LocalVariableExtractor.processBlock(I)V @ 195
Event: 5.523 Thread 0x000000000a000800 Uncommon trap: reason=unreached action=reinterpret pc=0x0000000002723174 method=com.android.dx.util.LabeledList.set(ILcom/android/dx/util/LabeledItem;)V @ 16
Event: 5.523 Thread 0x000000000a000800 Uncommon trap: reason=unreached action=reinterpret pc=0x000000000271bfb8 method=com.android.dx.util.LabeledList.set(ILcom/android/dx/util/LabeledItem;)V @ 16
Event: 5.525 Thread 0x000000000a000800 Uncommon trap: reason=uninitialized action=reinterpret pc=0x000000000274f388 method=com.android.dx.cf.code.BytecodeArray.parseInstruction(ILcom/android/dx/cf/code/BytecodeArray$Visitor;)I @ 999
Event: 5.537 Thread 0x000000000a000800 Uncommon trap: reason=unreached action=reinterpret pc=0x00000000026b1644 method=com.android.dx.rop.cst.Constant.compareTo(Lcom/android/dx/rop/cst/Constant;)I @ 12
Event: 6.149 Thread 0x0000000002530800 Uncommon trap: reason=unreached action=reinterpret pc=0x000000000270411c method=com.android.dx.ssa.SCCP.simulateBranch(Lcom/android/dx/ssa/SsaInsn;)V @ 132
Event: 6.158 Thread 0x0000000002530800 Uncommon trap: reason=bimorphic action=maybe_recompile pc=0x000000000276fa78 method=com.android.dx.ssa.LiteralOpUpgrader.tryReplacingWithConstant(Lcom/android/dx/ssa/NormalSsaInsn;)Z @ 52
Event: 6.169 Thread 0x0000000002530800 Uncommon trap: reason=bimorphic action=maybe_recompile pc=0x000000000276fa78 method=com.android.dx.ssa.LiteralOpUpgrader.tryReplacingWithConstant(Lcom/android/dx/ssa/NormalSsaInsn;)Z @ 52
Event: 6.169 Thread 0x0000000002530800 Uncommon trap: reason=bimorphic action=maybe_recompile pc=0x000000000276fa78 method=com.android.dx.ssa.LiteralOpUpgrader.tryReplacingWithConstant(Lcom/android/dx/ssa/NormalSsaInsn;)Z @ 52
Event: 6.180 Thread 0x000000000a000800 Uncommon trap: reason=bimorphic action=maybe_recompile pc=0x000000000276fa78 method=com.android.dx.ssa.LiteralOpUpgrader.tryReplacingWithConstant(Lcom/android/dx/ssa/NormalSsaInsn;)Z @ 52

Internal exceptions (10 events):
Event: 1.216 Thread 0x0000000009ee5000 Threw 0x00000000eb9573c8 at C:\re\jdk7u79\2331\hotspot\src\share\vm\prims\jvm.cpp:1304
Event: 1.227 Thread 0x0000000002530800 Threw 0x00000000eb7051d0 at C:\re\jdk7u79\2331\hotspot\src\share\vm\prims\jvm.cpp:1304
Event: 1.427 Thread 0x000000000a00e000 Threw 0x00000000ebb86978 at C:\re\jdk7u79\2331\hotspot\src\share\vm\prims\jvm.cpp:1304
Event: 1.517 Thread 0x000000000a001800 Threw 0x00000000eb61e6f0 at C:\re\jdk7u79\2331\hotspot\src\share\vm\prims\jvm.cpp:1304
Event: 1.720 Thread 0x0000000009ee5000 Threw 0x00000000eba10658 at C:\re\jdk7u79\2331\hotspot\src\share\vm\prims\jvm.cpp:1304
Event: 1.728 Thread 0x0000000002530800 Threw 0x00000000ebc28370 at C:\re\jdk7u79\2331\hotspot\src\share\vm\prims\jvm.cpp:1304
Event: 1.732 Thread 0x0000000002530800 Threw 0x00000000ebc39328 at C:\re\jdk7u79\2331\hotspot\src\share\vm\prims\jvm.cpp:1304
Event: 1.780 Thread 0x000000000a000800 Implicit null exception at 0x00000000026b4228 to 0x00000000026b4559
Event: 2.643 Thread 0x0000000002530800 Implicit null exception at 0x00000000026d7877 to 0x00000000026d7f59
Event: 5.497 Thread 0x0000000002530800 Threw 0x00000000eb960e70 at C:\re\jdk7u79\2331\hotspot\src\share\vm\prims\jvm.cpp:1304

Events (10 events):
Event: 6.158 Thread 0x0000000002530800 DEOPT UNPACKING pc=0x00000000026675a4 sp=0x000000000243e198 mode 2
Event: 6.169 Thread 0x0000000002530800 Uncommon trap: trap_request=0xffffffc6 fr.pc=0x000000000276fa78
Event: 6.169 Thread 0x0000000002530800 DEOPT PACKING pc=0x000000000276fa78 sp=0x000000000243e2d0
Event: 6.169 Thread 0x0000000002530800 DEOPT UNPACKING pc=0x00000000026675a4 sp=0x000000000243e198 mode 2
Event: 6.169 Thread 0x0000000002530800 Uncommon trap: trap_request=0xffffffc6 fr.pc=0x000000000276fa78
Event: 6.169 Thread 0x0000000002530800 DEOPT PACKING pc=0x000000000276fa78 sp=0x000000000243e2d0
Event: 6.169 Thread 0x0000000002530800 DEOPT UNPACKING pc=0x00000000026675a4 sp=0x000000000243e198 mode 2
Event: 6.180 Thread 0x000000000a000800 Uncommon trap: trap_request=0xffffffc6 fr.pc=0x000000000276fa78
Event: 6.180 Thread 0x000000000a000800 DEOPT PACKING pc=0x000000000276fa78 sp=0x000000000a55e830
Event: 6.180 Thread 0x000000000a000800 DEOPT UNPACKING pc=0x00000000026675a4 sp=0x000000000a55e6f8 mode 2


Dynamic libraries:
0x00007ff6afb50000 - 0x00007ff6afb83000 	C:\Program Files\Java\jdk1.7.0_79\bin\java.exe
0x00007ffbb6090000 - 0x00007ffbb6251000 	C:\Windows\SYSTEM32\ntdll.dll
0x00007ffbb3760000 - 0x00007ffbb380d000 	C:\Windows\system32\KERNEL32.DLL
0x00007ffbb2e40000 - 0x00007ffbb301d000 	C:\Windows\system32\KERNELBASE.dll
0x00007ffbb3d40000 - 0x00007ffbb3de6000 	C:\Windows\system32\ADVAPI32.dll
0x00007ffbb4320000 - 0x00007ffbb43bd000 	C:\Windows\system32\msvcrt.dll
0x00007ffbb3e10000 - 0x00007ffbb3e6b000 	C:\Windows\system32\sechost.dll
0x00007ffbb58f0000 - 0x00007ffbb5a16000 	C:\Windows\system32\RPCRT4.dll
0x00007ffbb41c0000 - 0x00007ffbb430e000 	C:\Windows\system32\USER32.dll
0x00007ffbb3e70000 - 0x00007ffbb3ff6000 	C:\Windows\system32\GDI32.dll
0x00007ffbae6d0000 - 0x00007ffbae944000 	C:\Windows\WinSxS\amd64_microsoft.windows.common-controls_6595b64144ccf1df_6.0.10240.16384_none_f41f7b285750ef43\COMCTL32.dll
0x00007ffbb4070000 - 0x00007ffbb40a6000 	C:\Windows\system32\IMM32.DLL
0x00007ffbb5a20000 - 0x00007ffbb5b7c000 	C:\Windows\system32\MSCTF.dll
0x00007ffbb29b0000 - 0x00007ffbb29e1000 	C:\Windows\system32\nvinitx.dll
0x00007ffbb29a0000 - 0x00007ffbb29aa000 	C:\Windows\SYSTEM32\VERSION.dll
0x000000006be40000 - 0x000000006be46000 	C:\Program Files\NVIDIA Corporation\CoProcManager\_etoured.dll
0x00007ffbb1130000 - 0x00007ffbb1163000 	C:\Program Files\NVIDIA Corporation\CoProcManager\nvd3d9wrapx.dll
0x00007ffbb3ab0000 - 0x00007ffbb3c75000 	C:\Windows\system32\SETUPAPI.dll
0x00007ffbb3710000 - 0x00007ffbb3754000 	C:\Windows\system32\CFGMGR32.dll
0x00007ffbafa50000 - 0x00007ffbafa72000 	C:\Program Files\NVIDIA Corporation\CoProcManager\nvdxgiwrapx.dll
0x0000000069ae0000 - 0x0000000069bb2000 	C:\Program Files\Java\jdk1.7.0_79\jre\bin\msvcr100.dll
0x0000000069ea0000 - 0x000000006a675000 	C:\Program Files\Java\jdk1.7.0_79\jre\bin\server\jvm.dll
0x00007ffbb3870000 - 0x00007ffbb3878000 	C:\Windows\system32\PSAPI.DLL
0x00007ffbb08d0000 - 0x00007ffbb08d9000 	C:\Windows\SYSTEM32\WSOCK32.dll
0x00007ffbb3a40000 - 0x00007ffbb3aa9000 	C:\Windows\system32\WS2_32.dll
0x00007ffbb4310000 - 0x00007ffbb4318000 	C:\Windows\system32\NSI.dll
0x00007ffbb10c0000 - 0x00007ffbb10e3000 	C:\Windows\SYSTEM32\WINMM.dll
0x00007ffbb1060000 - 0x00007ffbb108c000 	C:\Windows\SYSTEM32\WINMMBASE.dll
0x00007ffbb1340000 - 0x00007ffbb1367000 	C:\Windows\SYSTEM32\DEVOBJ.dll
0x000000006add0000 - 0x000000006addf000 	C:\Program Files\Java\jdk1.7.0_79\jre\bin\verify.dll
0x000000006ada0000 - 0x000000006adc8000 	C:\Program Files\Java\jdk1.7.0_79\jre\bin\java.dll
0x000000006ad80000 - 0x000000006ad95000 	C:\Program Files\Java\jdk1.7.0_79\jre\bin\zip.dll
0x000000006ad60000 - 0x000000006ad7a000 	C:\Program Files\Java\jdk1.7.0_79\jre\bin\net.dll
0x00007ffbb2280000 - 0x00007ffbb22dd000 	C:\Windows\system32\mswsock.dll
0x000000006ad40000 - 0x000000006ad51000 	C:\Program Files\Java\jdk1.7.0_79\jre\bin\nio.dll

VM Arguments:
jvm_args: -Djava.awt.headless=true -Xmx1024M -Dfile.encoding=windows-1251 -Duser.country=UA -Duser.language=uk -Duser.variant 
java_command: com.android.dx.command.Main --dex --num-threads=4 --output C:\Users\Dmytro\AndroidStudioProjects\PhotoGallery\app\build\intermediates\pre-dexed\debug\com.android.support-appcompat-v7-23.1.0_8b7501c407ddbfb99773546c449db586bac2ab9a.jar C:\Users\Dmytro\AndroidStudioProjects\PhotoGallery\app\build\intermediates\exploded-aar\com.android.support\appcompat-v7\23.1.0\jars\classes.jar
Launcher Type: SUN_STANDARD

Environment Variables:
JAVA_HOME=C:\Program Files\Java\jdk1.7.0_79
PATH=C:\Program Files\Java\jdk1.7.0_79;C:\Program Files (x86)\NVIDIA Corporation\PhysX\Common;C:\Program Files (x86)\Skype\Phone\
USERNAME=Dmytro
OS=Windows_NT
PROCESSOR_IDENTIFIER=Intel64 Family 6 Model 58 Stepping 9, GenuineIntel



---------------  S Y S T E M  ---------------

OS: Windows 8.1 , 64 bit Build 9600 

CPU:total 4 (2 cores per cpu, 2 threads per core) family 6 model 58 stepping 9, cmov, cx8, fxsr, mmx, sse, sse2, sse3, ssse3, sse4.1, sse4.2, popcnt, avx, erms, ht, tsc, tscinvbit, tscinv

Memory: 4k page, physical 8271684k(952456k free), swap 8271684k(5244k free)

vm_info: Java HotSpot(TM) 64-Bit Server VM (24.79-b02) for windows-amd64 JRE (1.7.0_79-b15), built on Apr 10 2015 12:36:16 by "java_re" with unknown MS VC++:1600

time: Thu Feb 11 15:00:11 2016
elapsed time: 6 seconds

