#
# There is insufficient memory for the Java Runtime Environment to continue.
# Native memory allocation (malloc) failed to allocate 1048576 bytes for AllocateHeap
# Possible reasons:
#   The system is out of physical RAM or swap space
#   In 32 bit mode, the process size limit was hit
# Possible solutions:
#   Reduce memory load on the system
#   Increase physical memory or swap space
#   Check if swap backing store is full
#   Use 64 bit Java on a 64 bit OS
#   Decrease Java heap size (-Xmx/-Xms)
#   Decrease number of Java threads
#   Decrease Java thread stack sizes (-Xss)
#   Set larger code cache with -XX:ReservedCodeCacheSize=
# This output file may be truncated or incomplete.
#
#  Out of Memory Error (memory/allocation.inline.hpp:61), pid=5044, tid=5240
#
# JRE version:  (7.0_79-b15) (build )
# Java VM: Java HotSpot(TM) 64-Bit Server VM (24.79-b02 mixed mode windows-amd64 compressed oops)
# Failed to write core dump. Minidumps are not enabled by default on client versions of Windows
#

---------------  T H R E A D  ---------------

Current thread (0x000000000225d800):  JavaThread "Unknown thread" [_thread_in_vm, id=5240, stack(0x0000000002540000,0x0000000002640000)]

Stack: [0x0000000002540000,0x0000000002640000]
[error occurred during error reporting (printing stack bounds), id 0xc0000005]


---------------  P R O C E S S  ---------------

Java Threads: ( => current thread )

Other Threads:

=>0x000000000225d800 (exited) JavaThread "Unknown thread" [_thread_in_vm, id=5240, stack(0x0000000002540000,0x0000000002640000)]

VM state:not at safepoint (normal execution)

VM Mutex/Monitor currently owned by a thread: None

Heap
 PSYoungGen      total 38400K, used 665K [0x00000000eaa80000, 0x00000000ed500000, 0x0000000100000000)
  eden space 33280K, 2% used [0x00000000eaa80000,0x00000000eab266b8,0x00000000ecb00000)
  from space 5120K, 0% used [0x00000000ed000000,0x00000000ed000000,0x00000000ed500000)
  to   space 5120K, 0% used [0x00000000ecb00000,0x00000000ecb00000,0x00000000ed000000)
 ParOldGen       total 86016K, used 0K [0x00000000c0000000, 0x00000000c5400000, 0x00000000eaa80000)
  object space 86016K, 0% used [0x00000000c0000000,0x00000000c0000000,0x00000000c5400000)
 PSPermGen       total 21504K, used 697K [0x00000000bae00000, 0x00000000bc300000, 0x00000000c0000000)
  object space 21504K, 3% used [0x00000000bae00000,0x00000000baeae588,0x00000000bc300000)

Card table byte_map: [0x0000000005740000,0x0000000005970000] byte_map_base: 0x0000000005169000

Polling page: 0x00000000021e0000

Code Cache  [0x0000000002740000, 0x00000000029b0000, 0x0000000005740000)
 total_blobs=38 nmethods=0 adapters=20 free_code_cache=48889Kb largest_free_block=50062528

Compilation events (0 events):
No events

GC Heap History (0 events):
No events

Deoptimization events (0 events):
No events

Internal exceptions (0 events):
No events

Events (10 events):
Event: 0.017 loading class 0x00000000026865f0
Event: 0.018 loading class 0x00000000026865f0 done
Event: 0.018 loading class 0x0000000002686640
Event: 0.018 loading class 0x0000000002686640 done
Event: 0.018 loading class 0x0000000002686690
Event: 0.018 loading class 0x0000000002686690 done
Event: 0.018 loading class 0x0000000002687410
Event: 0.018 loading class 0x0000000002687410 done
Event: 0.018 loading class 0x0000000002687030
Event: 0.018 loading class 0x0000000002687030 done


Dynamic libraries:
0x00007ff64e690000 - 0x00007ff64e6c3000 	C:\Program Files\Java\jdk1.7.0_79\bin\java.exe
0x00007ff9efb00000 - 0x00007ff9efcc1000 	C:\Windows\SYSTEM32\ntdll.dll
0x00007ff9ed650000 - 0x00007ff9ed6fd000 	C:\Windows\system32\KERNEL32.DLL
0x00007ff9ece20000 - 0x00007ff9ecffd000 	C:\Windows\system32\KERNELBASE.dll
0x00007ff9ef790000 - 0x00007ff9ef836000 	C:\Windows\system32\ADVAPI32.dll
0x00007ff9ef410000 - 0x00007ff9ef4ad000 	C:\Windows\system32\msvcrt.dll
0x00007ff9eeed0000 - 0x00007ff9eef2b000 	C:\Windows\system32\sechost.dll
0x00007ff9ef660000 - 0x00007ff9ef786000 	C:\Windows\system32\RPCRT4.dll
0x00007ff9ed500000 - 0x00007ff9ed64e000 	C:\Windows\system32\USER32.dll
0x00007ff9eef30000 - 0x00007ff9ef0b6000 	C:\Windows\system32\GDI32.dll
0x00007ff9df790000 - 0x00007ff9dfa04000 	C:\Windows\WinSxS\amd64_microsoft.windows.common-controls_6595b64144ccf1df_6.0.10240.16384_none_f41f7b285750ef43\COMCTL32.dll
0x00007ff9ed4c0000 - 0x00007ff9ed4f6000 	C:\Windows\system32\IMM32.DLL
0x00007ff9ef0c0000 - 0x00007ff9ef21c000 	C:\Windows\system32\MSCTF.dll
0x00007ff9ec420000 - 0x00007ff9ec451000 	C:\Windows\system32\nvinitx.dll
0x00007ff9ec410000 - 0x00007ff9ec41a000 	C:\Windows\SYSTEM32\VERSION.dll
0x000000006a2a0000 - 0x000000006a2a6000 	C:\Program Files\NVIDIA Corporation\CoProcManager\_etoured.dll
0x00007ff9ea6b0000 - 0x00007ff9ea6e3000 	C:\Program Files\NVIDIA Corporation\CoProcManager\nvd3d9wrapx.dll
0x00007ff9ef220000 - 0x00007ff9ef3e5000 	C:\Windows\system32\SETUPAPI.dll
0x00007ff9ecc60000 - 0x00007ff9ecca4000 	C:\Windows\system32\CFGMGR32.dll
0x00007ff9ea660000 - 0x00007ff9ea682000 	C:\Program Files\NVIDIA Corporation\CoProcManager\nvdxgiwrapx.dll
0x0000000068930000 - 0x0000000068a02000 	C:\Program Files\Java\jdk1.7.0_79\jre\bin\msvcr100.dll
0x0000000067d40000 - 0x0000000068515000 	C:\Program Files\Java\jdk1.7.0_79\jre\bin\server\jvm.dll
0x00007ff9ed990000 - 0x00007ff9ed998000 	C:\Windows\system32\PSAPI.DLL
0x00007ff9ea600000 - 0x00007ff9ea623000 	C:\Windows\SYSTEM32\WINMM.dll
0x00007ff9e8920000 - 0x00007ff9e8929000 	C:\Windows\SYSTEM32\WSOCK32.dll
0x00007ff9efa90000 - 0x00007ff9efaf9000 	C:\Windows\system32\WS2_32.dll
0x00007ff9ea5d0000 - 0x00007ff9ea5fc000 	C:\Windows\SYSTEM32\WINMMBASE.dll
0x00007ff9ed700000 - 0x00007ff9ed708000 	C:\Windows\system32\NSI.dll
0x00007ff9eae50000 - 0x00007ff9eae77000 	C:\Windows\SYSTEM32\DEVOBJ.dll
0x000000006a0a0000 - 0x000000006a0af000 	C:\Program Files\Java\jdk1.7.0_79\jre\bin\verify.dll
0x0000000068d60000 - 0x0000000068d88000 	C:\Program Files\Java\jdk1.7.0_79\jre\bin\java.dll
0x000000006a080000 - 0x000000006a095000 	C:\Program Files\Java\jdk1.7.0_79\jre\bin\zip.dll

VM Arguments:
jvm_args: -Djava.awt.headless=true -Xmx1024M -Dfile.encoding=windows-1251 -Duser.country=UA -Duser.language=uk -Duser.variant 
java_command: com.android.dx.command.Main --dex --num-threads=4 --output C:\Users\Dmytro\AndroidStudioProjects\PhotoGallery\app\build\intermediates\pre-dexed\debug\support-annotations-23.1.1_44a757e692fb098fd166d89e09d2fedb5bfd4993.jar C:\Program Files\sdk\extras\android\m2repository\com\android\support\support-annotations\23.1.1\support-annotations-23.1.1.jar
Launcher Type: SUN_STANDARD

Environment Variables:
JAVA_HOME=C:\Program Files\Java\jdk1.7.0_79
PATH=C:\Program Files\Java\jdk1.7.0_79;C:\Program Files (x86)\NVIDIA Corporation\PhysX\Common;C:\Program Files (x86)\Skype\Phone\
USERNAME=Dmytro
OS=Windows_NT
PROCESSOR_IDENTIFIER=Intel64 Family 6 Model 58 Stepping 9, GenuineIntel



---------------  S Y S T E M  ---------------

OS: Windows 8.1 , 64 bit Build 9600 

CPU:total 4 (2 cores per cpu, 2 threads per core) family 6 model 58 stepping 9, cmov, cx8, fxsr, mmx, sse, sse2, sse3, ssse3, sse4.1, sse4.2, popcnt, avx, erms, ht, tsc, tscinvbit, tscinv

Memory: 4k page, physical 8271684k(1371872k free), swap 8271684k(4760k free)

vm_info: Java HotSpot(TM) 64-Bit Server VM (24.79-b02) for windows-amd64 JRE (1.7.0_79-b15), built on Apr 10 2015 12:36:16 by "java_re" with unknown MS VC++:1600

time: Wed Feb 10 12:54:32 2016
elapsed time: 0 seconds

