#
# There is insufficient memory for the Java Runtime Environment to continue.
# Native memory allocation (malloc) failed to allocate 131088 bytes for Chunk::new
# Possible reasons:
#   The system is out of physical RAM or swap space
#   In 32 bit mode, the process size limit was hit
# Possible solutions:
#   Reduce memory load on the system
#   Increase physical memory or swap space
#   Check if swap backing store is full
#   Use 64 bit Java on a 64 bit OS
#   Decrease Java heap size (-Xmx/-Xms)
#   Decrease number of Java threads
#   Decrease Java thread stack sizes (-Xss)
#   Set larger code cache with -XX:ReservedCodeCacheSize=
# This output file may be truncated or incomplete.
#
#  Out of Memory Error (allocation.cpp:323), pid=5724, tid=5580
#
# JRE version: Java(TM) SE Runtime Environment (7.0_79-b15) (build 1.7.0_79-b15)
# Java VM: Java HotSpot(TM) 64-Bit Server VM (24.79-b02 mixed mode windows-amd64 compressed oops)
# Failed to write core dump. Minidumps are not enabled by default on client versions of Windows
#

---------------  T H R E A D  ---------------

Current thread (0x00000000089c3800):  JavaThread "C2 CompilerThread0" daemon [_thread_in_native, id=5580, stack(0x0000000009f50000,0x000000000a050000)]

Stack: [0x0000000009f50000,0x000000000a050000]
[error occurred during error reporting (printing stack bounds), id 0xc0000005]


Current CompileTask:
C2:   6203  245             com.android.dx.ssa.DeadCodeRemover::run (194 bytes)


---------------  P R O C E S S  ---------------

Java Threads: ( => current thread )
  0x000000000a48d800 JavaThread "pool-1-thread-2" [_thread_in_Java, id=6260, stack(0x000000000a950000,0x000000000aa50000)]
  0x000000000a48d000 JavaThread "pool-2-thread-1" [_thread_blocked, id=5032, stack(0x000000000a850000,0x000000000a950000)]
  0x00000000089d7800 JavaThread "Service Thread" daemon [_thread_blocked, id=6596, stack(0x000000000a150000,0x000000000a250000)]
  0x00000000089c5800 JavaThread "C2 CompilerThread1" daemon [_thread_blocked, id=6768, stack(0x000000000a050000,0x000000000a150000)]
=>0x00000000089c3800 JavaThread "C2 CompilerThread0" daemon [_thread_in_native, id=5580, stack(0x0000000009f50000,0x000000000a050000)]
  0x00000000089c2800 JavaThread "Attach Listener" daemon [_thread_blocked, id=7032, stack(0x0000000009e50000,0x0000000009f50000)]
  0x00000000089bf800 JavaThread "Signal Dispatcher" daemon [_thread_blocked, id=4916, stack(0x0000000009d50000,0x0000000009e50000)]
  0x0000000008988800 JavaThread "Finalizer" daemon [_thread_blocked, id=4504, stack(0x0000000009c50000,0x0000000009d50000)]
  0x0000000008985000 JavaThread "Reference Handler" daemon [_thread_blocked, id=5668, stack(0x0000000009b50000,0x0000000009c50000)]
  0x0000000002aa0800 JavaThread "main" [_thread_blocked, id=1624, stack(0x00000000028d0000,0x00000000029d0000)]

Other Threads:
  0x0000000008980000 VMThread [stack: 0x0000000009a50000,0x0000000009b50000] [id=4108]
  0x00000000089e2000 WatcherThread [stack: 0x000000000a250000,0x000000000a350000] [id=5248]

VM state:not at safepoint (normal execution)

VM Mutex/Monitor currently owned by a thread: None

Heap
 PSYoungGen      total 38400K, used 7607K [0x00000000eaa80000, 0x00000000ef580000, 0x0000000100000000)
  eden space 33280K, 7% used [0x00000000eaa80000,0x00000000eacf1bc0,0x00000000ecb00000)
  from space 5120K, 99% used [0x00000000ecb00000,0x00000000ecffc358,0x00000000ed000000)
  to   space 5120K, 0% used [0x00000000ef080000,0x00000000ef080000,0x00000000ef580000)
 ParOldGen       total 86016K, used 1356K [0x00000000c0000000, 0x00000000c5400000, 0x00000000eaa80000)
  object space 86016K, 1% used [0x00000000c0000000,0x00000000c01530c8,0x00000000c5400000)
 PSPermGen       total 21504K, used 5824K [0x00000000bae00000, 0x00000000bc300000, 0x00000000c0000000)
  object space 21504K, 27% used [0x00000000bae00000,0x00000000bb3b0058,0x00000000bc300000)

Card table byte_map: [0x0000000005ba0000,0x0000000005dd0000] byte_map_base: 0x00000000055c9000

Polling page: 0x0000000000d30000

Code Cache  [0x0000000002ba0000, 0x0000000002e10000, 0x0000000005ba0000)
 total_blobs=485 nmethods=248 adapters=189 free_code_cache=47968Kb largest_free_block=49092672

Compilation events (10 events):
Event: 6.056 Thread 0x00000000089c5800 nmethod 242 0x0000000002c12ed0 code [0x0000000002c13060, 0x0000000002c138d8]
Event: 6.056 Thread 0x00000000089c5800  244             com.android.dx.ssa.SsaMethod::forEachBlockDepthFirstDom (128 bytes)
Event: 6.056 Thread 0x00000000089c3800 nmethod 243 0x0000000002c7a350 code [0x0000000002c7a480, 0x0000000002c7a538]
Event: 6.065 Thread 0x00000000089c3800  245             com.android.dx.ssa.DeadCodeRemover::run (194 bytes)
Event: 6.093 Thread 0x00000000089c5800 nmethod 244 0x0000000002cc9d90 code [0x0000000002cc9fc0, 0x0000000002ccacd0]
Event: 6.094 Thread 0x00000000089c5800  246             com.android.dx.ssa.back.SsaToRop::removePhiFunctions (83 bytes)
Event: 6.125 Thread 0x00000000089c5800 nmethod 246 0x0000000002ccc490 code [0x0000000002ccc6a0, 0x0000000002ccd230]
Event: 6.125 Thread 0x00000000089c5800  247             com.android.dx.ssa.SsaMethod::blockIndexToRopLabel (21 bytes)
Event: 6.127 Thread 0x00000000089c5800 nmethod 247 0x0000000002c83d90 code [0x0000000002c83ee0, 0x0000000002c83fb8]
Event: 6.127 Thread 0x00000000089c5800  248             com.android.dx.ssa.SsaBasicBlock::getRopLabelSuccessorList (57 bytes)

GC Heap History (2 events):
Event: 5.406 GC heap before
{Heap before GC invocations=1 (full 0):
 PSYoungGen      total 38400K, used 33280K [0x00000000eaa80000, 0x00000000ed500000, 0x0000000100000000)
  eden space 33280K, 100% used [0x00000000eaa80000,0x00000000ecb00000,0x00000000ecb00000)
  from space 5120K, 0% used [0x00000000ed000000,0x00000000ed000000,0x00000000ed500000)
  to   space 5120K, 0% used [0x00000000ecb00000,0x00000000ecb00000,0x00000000ed000000)
 ParOldGen       total 86016K, used 0K [0x00000000c0000000, 0x00000000c5400000, 0x00000000eaa80000)
  object space 86016K, 0% used [0x00000000c0000000,0x00000000c0000000,0x00000000c5400000)
 PSPermGen       total 21504K, used 5822K [0x00000000bae00000, 0x00000000bc300000, 0x00000000c0000000)
  object space 21504K, 27% used [0x00000000bae00000,0x00000000bb3af8d8,0x00000000bc300000)
Event: 6.009 GC heap after
Heap after GC invocations=1 (full 0):
 PSYoungGen      total 38400K, used 5104K [0x00000000eaa80000, 0x00000000ef580000, 0x0000000100000000)
  eden space 33280K, 0% used [0x00000000eaa80000,0x00000000eaa80000,0x00000000ecb00000)
  from space 5120K, 99% used [0x00000000ecb00000,0x00000000ecffc358,0x00000000ed000000)
  to   space 5120K, 0% used [0x00000000ef080000,0x00000000ef080000,0x00000000ef580000)
 ParOldGen       total 86016K, used 1356K [0x00000000c0000000, 0x00000000c5400000, 0x00000000eaa80000)
  object space 86016K, 1% used [0x00000000c0000000,0x00000000c01530c8,0x00000000c5400000)
 PSPermGen       total 21504K, used 5822K [0x00000000bae00000, 0x00000000bc300000, 0x00000000c0000000)
  object space 21504K, 27% used [0x00000000bae00000,0x00000000bb3af8d8,0x00000000bc300000)
}

Deoptimization events (10 events):
Event: 2.240 Thread 0x000000000a4b9800 Uncommon trap: reason=class_check action=maybe_recompile pc=0x0000000002c2ab58 method=com.android.dx.ssa.NormalSsaInsn.accept(Lcom/android/dx/ssa/SsaInsn$Visitor;)V @ 9
Event: 2.243 Thread 0x000000000a4b9800 Uncommon trap: reason=class_check action=maybe_recompile pc=0x0000000002c16e18 method=com.android.dx.ssa.NormalSsaInsn.accept(Lcom/android/dx/ssa/SsaInsn$Visitor;)V @ 9
Event: 2.314 Thread 0x000000000a48d800 Uncommon trap: reason=bimorphic action=maybe_recompile pc=0x0000000002c37cd8 method=com.android.dx.ssa.NormalSsaInsn.accept(Lcom/android/dx/ssa/SsaInsn$Visitor;)V @ 9
Event: 2.314 Thread 0x000000000a48d800 Uncommon trap: reason=bimorphic action=maybe_recompile pc=0x0000000002c37cd8 method=com.android.dx.ssa.NormalSsaInsn.accept(Lcom/android/dx/ssa/SsaInsn$Visitor;)V @ 9
Event: 2.316 Thread 0x000000000a48d800 Uncommon trap: reason=bimorphic action=maybe_recompile pc=0x0000000002c37cd8 method=com.android.dx.ssa.NormalSsaInsn.accept(Lcom/android/dx/ssa/SsaInsn$Visitor;)V @ 9
Event: 2.317 Thread 0x000000000a48d800 Uncommon trap: reason=bimorphic action=maybe_recompile pc=0x0000000002c37cd8 method=com.android.dx.ssa.NormalSsaInsn.accept(Lcom/android/dx/ssa/SsaInsn$Visitor;)V @ 9
Event: 2.971 Thread 0x000000000a4b9800 Uncommon trap: reason=unreached action=reinterpret pc=0x0000000002c3b884 method=com.android.dx.rop.cst.Constant.compareTo(Lcom/android/dx/rop/cst/Constant;)I @ 12
Event: 3.371 Thread 0x000000000a48d800 Uncommon trap: reason=null_check action=make_not_entrant pc=0x0000000002c64adc method=com.android.dx.ssa.SsaRenamer.getLocalForNewReg(I)Lcom/android/dx/rop/code/LocalItem; @ 19
Event: 3.934 Thread 0x000000000a4b9800 Uncommon trap: reason=class_check action=maybe_recompile pc=0x0000000002c43bec method=java.util.HashMap.put(Ljava/lang/Object;Ljava/lang/Object;)Ljava/lang/Object; @ 83
Event: 4.713 Thread 0x000000000a4b9800 Uncommon trap: reason=class_check action=maybe_recompile pc=0x0000000002c43bec method=java.util.HashMap.put(Ljava/lang/Object;Ljava/lang/Object;)Ljava/lang/Object; @ 83

Internal exceptions (10 events):
Event: 1.284 Thread 0x0000000002aa0800 Threw 0x00000000eb519ef0 at C:\re\jdk7u79\2331\hotspot\src\share\vm\prims\jvm.cpp:1304
Event: 1.285 Thread 0x0000000002aa0800 Threw 0x00000000eb51e618 at C:\re\jdk7u79\2331\hotspot\src\share\vm\prims\jvm.cpp:1304
Event: 1.294 Thread 0x0000000002aa0800 Threw 0x00000000eb5335e0 at C:\re\jdk7u79\2331\hotspot\src\share\vm\prims\jvm.cpp:1304
Event: 1.297 Thread 0x0000000002aa0800 Threw 0x00000000eb539b60 at C:\re\jdk7u79\2331\hotspot\src\share\vm\prims\jvm.cpp:1304
Event: 1.340 Thread 0x000000000a4b9800 Threw 0x00000000eb2065a8 at C:\re\jdk7u79\2331\hotspot\src\share\vm\prims\jvm.cpp:1304
Event: 1.363 Thread 0x000000000a492800 Threw 0x00000000eb176430 at C:\re\jdk7u79\2331\hotspot\src\share\vm\prims\jvm.cpp:1304
Event: 1.918 Thread 0x000000000a492800 Implicit null exception at 0x0000000002c1da6a to 0x0000000002c1ddb1
Event: 1.918 Thread 0x000000000a48d800 Implicit null exception at 0x0000000002c1da6a to 0x0000000002c1ddb1
Event: 1.955 Thread 0x0000000002aa0800 Threw 0x00000000eb8c3d40 at C:\re\jdk7u79\2331\hotspot\src\share\vm\prims\jvm.cpp:1304
Event: 3.371 Thread 0x000000000a48d800 Implicit null exception at 0x0000000002c6378b to 0x0000000002c64ab1

Events (10 events):
Event: 3.934 Thread 0x000000000a4b9800 DEOPT UNPACKING pc=0x0000000002bd75a4 sp=0x000000000ac4ea98 mode 2
Event: 4.197 Executing VM operation: EnableBiasedLocking
Event: 4.699 Executing VM operation: EnableBiasedLocking done
Event: 4.713 Thread 0x000000000a4b9800 Uncommon trap: trap_request=0xffffffde fr.pc=0x0000000002c43bec
Event: 4.713 Thread 0x000000000a4b9800 DEOPT PACKING pc=0x0000000002c43bec sp=0x000000000ac4eaf0
Event: 4.713 Thread 0x000000000a4b9800 DEOPT UNPACKING pc=0x0000000002bd75a4 sp=0x000000000ac4ea98 mode 2
Event: 4.732 Thread 0x000000000a4b9800 Thread exited: 0x000000000a4b9800
Event: 5.406 Executing VM operation: ParallelGCFailedAllocation
Event: 6.009 Executing VM operation: ParallelGCFailedAllocation done
Event: 6.127 Thread 0x00000000089c5800 flushing nmethod 0x0000000002c1d710


Dynamic libraries:
0x00007ff6afb50000 - 0x00007ff6afb83000 	C:\Program Files\Java\jdk1.7.0_79\bin\java.exe
0x00007ffbb6090000 - 0x00007ffbb6251000 	C:\Windows\SYSTEM32\ntdll.dll
0x00007ffbb3760000 - 0x00007ffbb380d000 	C:\Windows\system32\KERNEL32.DLL
0x00007ffbb2e40000 - 0x00007ffbb301d000 	C:\Windows\system32\KERNELBASE.dll
0x00007ffbb3d40000 - 0x00007ffbb3de6000 	C:\Windows\system32\ADVAPI32.dll
0x00007ffbb4320000 - 0x00007ffbb43bd000 	C:\Windows\system32\msvcrt.dll
0x00007ffbb3e10000 - 0x00007ffbb3e6b000 	C:\Windows\system32\sechost.dll
0x00007ffbb58f0000 - 0x00007ffbb5a16000 	C:\Windows\system32\RPCRT4.dll
0x00007ffbb41c0000 - 0x00007ffbb430e000 	C:\Windows\system32\USER32.dll
0x00007ffbb3e70000 - 0x00007ffbb3ff6000 	C:\Windows\system32\GDI32.dll
0x00007ffbae6d0000 - 0x00007ffbae944000 	C:\Windows\WinSxS\amd64_microsoft.windows.common-controls_6595b64144ccf1df_6.0.10240.16384_none_f41f7b285750ef43\COMCTL32.dll
0x00007ffbb4070000 - 0x00007ffbb40a6000 	C:\Windows\system32\IMM32.DLL
0x00007ffbb5a20000 - 0x00007ffbb5b7c000 	C:\Windows\system32\MSCTF.dll
0x00007ffbb29b0000 - 0x00007ffbb29e1000 	C:\Windows\system32\nvinitx.dll
0x00007ffbb29a0000 - 0x00007ffbb29aa000 	C:\Windows\SYSTEM32\VERSION.dll
0x000000006be40000 - 0x000000006be46000 	C:\Program Files\NVIDIA Corporation\CoProcManager\_etoured.dll
0x00007ffbb1130000 - 0x00007ffbb1163000 	C:\Program Files\NVIDIA Corporation\CoProcManager\nvd3d9wrapx.dll
0x00007ffbb3ab0000 - 0x00007ffbb3c75000 	C:\Windows\system32\SETUPAPI.dll
0x00007ffbb3710000 - 0x00007ffbb3754000 	C:\Windows\system32\CFGMGR32.dll
0x00007ffbafa50000 - 0x00007ffbafa72000 	C:\Program Files\NVIDIA Corporation\CoProcManager\nvdxgiwrapx.dll
0x0000000069ae0000 - 0x0000000069bb2000 	C:\Program Files\Java\jdk1.7.0_79\jre\bin\msvcr100.dll
0x0000000069ea0000 - 0x000000006a675000 	C:\Program Files\Java\jdk1.7.0_79\jre\bin\server\jvm.dll
0x00007ffbb3870000 - 0x00007ffbb3878000 	C:\Windows\system32\PSAPI.DLL
0x00007ffbb10c0000 - 0x00007ffbb10e3000 	C:\Windows\SYSTEM32\WINMM.dll
0x00007ffbb1060000 - 0x00007ffbb108c000 	C:\Windows\SYSTEM32\WINMMBASE.dll
0x00007ffbb1340000 - 0x00007ffbb1367000 	C:\Windows\SYSTEM32\DEVOBJ.dll
0x00007ffbb08d0000 - 0x00007ffbb08d9000 	C:\Windows\SYSTEM32\WSOCK32.dll
0x00007ffbb3a40000 - 0x00007ffbb3aa9000 	C:\Windows\system32\WS2_32.dll
0x00007ffbb4310000 - 0x00007ffbb4318000 	C:\Windows\system32\NSI.dll
0x000000006add0000 - 0x000000006addf000 	C:\Program Files\Java\jdk1.7.0_79\jre\bin\verify.dll
0x000000006ada0000 - 0x000000006adc8000 	C:\Program Files\Java\jdk1.7.0_79\jre\bin\java.dll
0x000000006ad80000 - 0x000000006ad95000 	C:\Program Files\Java\jdk1.7.0_79\jre\bin\zip.dll
0x000000006ad60000 - 0x000000006ad7a000 	C:\Program Files\Java\jdk1.7.0_79\jre\bin\net.dll
0x00007ffbb2280000 - 0x00007ffbb22dd000 	C:\Windows\system32\mswsock.dll
0x000000006ad40000 - 0x000000006ad51000 	C:\Program Files\Java\jdk1.7.0_79\jre\bin\nio.dll

VM Arguments:
jvm_args: -Djava.awt.headless=true -Xmx1024M -Dfile.encoding=windows-1251 -Duser.country=UA -Duser.language=uk -Duser.variant 
java_command: com.android.dx.command.Main --dex --num-threads=4 --output C:\Users\Dmytro\AndroidStudioProjects\PhotoGallery\app\build\intermediates\pre-dexed\debug\com.github.satyan-sugar-1.4_70709aef1615022c54c2267ba877c7c58aa8576a.jar C:\Users\Dmytro\AndroidStudioProjects\PhotoGallery\app\build\intermediates\exploded-aar\com.github.satyan\sugar\1.4\jars\classes.jar
Launcher Type: SUN_STANDARD

Environment Variables:
JAVA_HOME=C:\Program Files\Java\jdk1.7.0_79
PATH=C:\Program Files\Java\jdk1.7.0_79;C:\Program Files (x86)\NVIDIA Corporation\PhysX\Common;C:\Program Files (x86)\Skype\Phone\
USERNAME=Dmytro
OS=Windows_NT
PROCESSOR_IDENTIFIER=Intel64 Family 6 Model 58 Stepping 9, GenuineIntel



---------------  S Y S T E M  ---------------

OS: Windows 8.1 , 64 bit Build 9600 

CPU:total 4 (2 cores per cpu, 2 threads per core) family 6 model 58 stepping 9, cmov, cx8, fxsr, mmx, sse, sse2, sse3, ssse3, sse4.1, sse4.2, popcnt, avx, erms, ht, tsc, tscinvbit, tscinv

Memory: 4k page, physical 8271684k(953576k free), swap 8271684k(5320k free)

vm_info: Java HotSpot(TM) 64-Bit Server VM (24.79-b02) for windows-amd64 JRE (1.7.0_79-b15), built on Apr 10 2015 12:36:16 by "java_re" with unknown MS VC++:1600

time: Thu Feb 11 15:00:11 2016
elapsed time: 6 seconds

