#
# There is insufficient memory for the Java Runtime Environment to continue.
# Native memory allocation (malloc) failed to allocate 321216 bytes for Chunk::new
# Possible reasons:
#   The system is out of physical RAM or swap space
#   In 32 bit mode, the process size limit was hit
# Possible solutions:
#   Reduce memory load on the system
#   Increase physical memory or swap space
#   Check if swap backing store is full
#   Use 64 bit Java on a 64 bit OS
#   Decrease Java heap size (-Xmx/-Xms)
#   Decrease number of Java threads
#   Decrease Java thread stack sizes (-Xss)
#   Set larger code cache with -XX:ReservedCodeCacheSize=
# This output file may be truncated or incomplete.
#
#  Out of Memory Error (allocation.cpp:323), pid=804, tid=4596
#
# JRE version: Java(TM) SE Runtime Environment (7.0_79-b15) (build 1.7.0_79-b15)
# Java VM: Java HotSpot(TM) 64-Bit Server VM (24.79-b02 mixed mode windows-amd64 compressed oops)
# Failed to write core dump. Minidumps are not enabled by default on client versions of Windows
#

---------------  T H R E A D  ---------------

Current thread (0x0000000008e65800):  JavaThread "C2 CompilerThread1" daemon [_thread_in_native, id=4596, stack(0x000000000a4e0000,0x000000000a5e0000)]

Stack: [0x000000000a4e0000,0x000000000a5e0000]
[error occurred during error reporting (printing stack bounds), id 0xc0000005]


Current CompileTask:
C2:   6234  354             com.android.dx.ssa.SsaMethod::makeExitBlock (134 bytes)


---------------  P R O C E S S  ---------------

Java Threads: ( => current thread )
  0x000000000aa2c000 JavaThread "pool-1-thread-4" [_thread_in_Java, id=2736, stack(0x000000000afe0000,0x000000000b0e0000)]
  0x000000000a885800 JavaThread "pool-1-thread-3" [_thread_blocked, id=2764, stack(0x000000000aee0000,0x000000000afe0000)]
  0x000000000a878800 JavaThread "pool-1-thread-2" [_thread_in_Java, id=4220, stack(0x000000000ade0000,0x000000000aee0000)]
  0x000000000a82e000 JavaThread "pool-2-thread-1" [_thread_blocked, id=3564, stack(0x000000000ace0000,0x000000000ade0000)]
  0x000000000a988000 JavaThread "pool-1-thread-1" [_thread_in_Java, id=1904, stack(0x000000000abe0000,0x000000000ace0000)]
  0x0000000008e77800 JavaThread "Service Thread" daemon [_thread_blocked, id=5508, stack(0x000000000a5e0000,0x000000000a6e0000)]
=>0x0000000008e65800 JavaThread "C2 CompilerThread1" daemon [_thread_in_native, id=4596, stack(0x000000000a4e0000,0x000000000a5e0000)]
  0x0000000008e63800 JavaThread "C2 CompilerThread0" daemon [_thread_in_native, id=3576, stack(0x000000000a3e0000,0x000000000a4e0000)]
  0x0000000008e62800 JavaThread "Attach Listener" daemon [_thread_blocked, id=3956, stack(0x000000000a2e0000,0x000000000a3e0000)]
  0x0000000008e5f800 JavaThread "Signal Dispatcher" daemon [_thread_blocked, id=5372, stack(0x000000000a1e0000,0x000000000a2e0000)]
  0x0000000008e2e000 JavaThread "Finalizer" daemon [_thread_blocked, id=6064, stack(0x000000000a0e0000,0x000000000a1e0000)]
  0x0000000008e25000 JavaThread "Reference Handler" daemon [_thread_blocked, id=4952, stack(0x0000000009fe0000,0x000000000a0e0000)]
  0x0000000002e90800 JavaThread "main" [_thread_blocked, id=3024, stack(0x0000000002d40000,0x0000000002e40000)]

Other Threads:
  0x0000000008e20000 VMThread [stack: 0x0000000009ee0000,0x0000000009fe0000] [id=1480]
  0x0000000008e82000 WatcherThread [stack: 0x000000000a6e0000,0x000000000a7e0000] [id=5136]

VM state:not at safepoint (normal execution)

VM Mutex/Monitor currently owned by a thread: None

Heap
 PSYoungGen      total 38400K, used 34365K [0x00000000eaa80000, 0x00000000ef580000, 0x0000000100000000)
  eden space 33280K, 87% used [0x00000000eaa80000,0x00000000ec716278,0x00000000ecb00000)
  from space 5120K, 99% used [0x00000000ecb00000,0x00000000ecff9270,0x00000000ed000000)
  to   space 5120K, 0% used [0x00000000ef080000,0x00000000ef080000,0x00000000ef580000)
 ParOldGen       total 86016K, used 713K [0x00000000c0000000, 0x00000000c5400000, 0x00000000eaa80000)
  object space 86016K, 0% used [0x00000000c0000000,0x00000000c00b2760,0x00000000c5400000)
 PSPermGen       total 21504K, used 5901K [0x00000000bae00000, 0x00000000bc300000, 0x00000000c0000000)
  object space 21504K, 27% used [0x00000000bae00000,0x00000000bb3c3568,0x00000000bc300000)

Card table byte_map: [0x0000000006090000,0x00000000062c0000] byte_map_base: 0x0000000005ab9000

Polling page: 0x0000000001520000

Code Cache  [0x0000000003090000, 0x0000000003300000, 0x0000000006090000)
 total_blobs=587 nmethods=350 adapters=189 free_code_cache=47710Kb largest_free_block=48819648

Compilation events (10 events):
Event: 6.021 Thread 0x0000000008e65800 nmethod 343 0x00000000031fd550 code [0x00000000031fd860, 0x00000000031feee8]
Event: 6.022 Thread 0x0000000008e65800  350             com.android.dx.rop.code.LocalVariableInfo::getAssignment (12 bytes)
Event: 6.027 Thread 0x0000000008e65800 nmethod 350 0x00000000031dac90 code [0x00000000031dae00, 0x00000000031db018]
Event: 6.027 Thread 0x0000000008e65800  351             com.android.dx.ssa.SCCP::addUsersToWorklist (103 bytes)
Event: 6.027 Thread 0x0000000008e63800 nmethod 349 0x00000000031deb90 code [0x00000000031ded40, 0x00000000031df2b0]
Event: 6.027 Thread 0x0000000008e63800  352             com.android.dx.rop.type.Type::equals (31 bytes)
Event: 6.029 Thread 0x0000000008e63800 nmethod 352 0x00000000031c58d0 code [0x00000000031c5a20, 0x00000000031c5b98]
Event: 6.082 Thread 0x0000000008e65800 nmethod 351 0x00000000031e5490 code [0x00000000031e5760, 0x00000000031e6848]
Event: 6.222 Thread 0x0000000008e63800  353             com.android.dx.dex.cf.CfTranslator::translate0 (259 bytes)
Event: 6.222 Thread 0x0000000008e65800  354             com.android.dx.ssa.SsaMethod::makeExitBlock (134 bytes)

GC Heap History (2 events):
Event: 3.323 GC heap before
{Heap before GC invocations=1 (full 0):
 PSYoungGen      total 38400K, used 33280K [0x00000000eaa80000, 0x00000000ed500000, 0x0000000100000000)
  eden space 33280K, 100% used [0x00000000eaa80000,0x00000000ecb00000,0x00000000ecb00000)
  from space 5120K, 0% used [0x00000000ed000000,0x00000000ed000000,0x00000000ed500000)
  to   space 5120K, 0% used [0x00000000ecb00000,0x00000000ecb00000,0x00000000ed000000)
 ParOldGen       total 86016K, used 0K [0x00000000c0000000, 0x00000000c5400000, 0x00000000eaa80000)
  object space 86016K, 0% used [0x00000000c0000000,0x00000000c0000000,0x00000000c5400000)
 PSPermGen       total 21504K, used 5776K [0x00000000bae00000, 0x00000000bc300000, 0x00000000c0000000)
  object space 21504K, 26% used [0x00000000bae00000,0x00000000bb3a4098,0x00000000bc300000)
Event: 3.693 GC heap after
Heap after GC invocations=1 (full 0):
 PSYoungGen      total 38400K, used 5092K [0x00000000eaa80000, 0x00000000ef580000, 0x0000000100000000)
  eden space 33280K, 0% used [0x00000000eaa80000,0x00000000eaa80000,0x00000000ecb00000)
  from space 5120K, 99% used [0x00000000ecb00000,0x00000000ecff9270,0x00000000ed000000)
  to   space 5120K, 0% used [0x00000000ef080000,0x00000000ef080000,0x00000000ef580000)
 ParOldGen       total 86016K, used 713K [0x00000000c0000000, 0x00000000c5400000, 0x00000000eaa80000)
  object space 86016K, 0% used [0x00000000c0000000,0x00000000c00b2760,0x00000000c5400000)
 PSPermGen       total 21504K, used 5776K [0x00000000bae00000, 0x00000000bc300000, 0x00000000c0000000)
  object space 21504K, 26% used [0x00000000bae00000,0x00000000bb3a4098,0x00000000bc300000)
}

Deoptimization events (10 events):
Event: 1.601 Thread 0x000000000a878800 