#
# There is insufficient memory for the Java Runtime Environment to continue.
# Native memory allocation (malloc) failed to allocate 1084496 bytes for Chunk::new
# Possible reasons:
#   The system is out of physical RAM or swap space
#   In 32 bit mode, the process size limit was hit
# Possible solutions:
#   Reduce memory load on the system
#   Increase physical memory or swap space
#   Check if swap backing store is full
#   Use 64 bit Java on a 64 bit OS
#   Decrease Java heap size (-Xmx/-Xms)
#   Decrease number of Java threads
#   Decrease Java thread stack sizes (-Xss)
#   Set larger code cache with -XX:ReservedCodeCacheSize=
# This output file may be truncated or incomplete.
#
#  Out of Memory Error (allocation.cpp:323), pid=8504, tid=7000
#
# JRE version: Java(TM) SE Runtime Environment (7.0_79-b15) (build 1.7.0_79-b15)
# Java VM: Java HotSpot(TM) 64-Bit Server VM (24.79-b02 mixed mode windows-amd64 compressed oops)
# Failed to write core dump. Minidumps are not enabled by default on client versions of Windows
#

---------------  T H R E A D  ---------------

Current thread (0x00000000080f4000):  JavaThread "C2 CompilerThread0" daemon [_thread_in_native, id=7000, stack(0x0000000009660000,0x0000000009760000)]

Stack: [0x0000000009660000,0x0000000009760000]
[error occurred during error reporting (printing stack bounds), id 0xc0000005]


Current CompileTask:
C2:   7310  566   !         com.android.dx.cf.code.RopperMachine::run (1550 bytes)


---------------  P R O C E S S  ---------------

Java Threads: ( => current thread )
  0x0000000009b6d800 JavaThread "pool-1-thread-2" [_thread_in_vm, id=5712, stack(0x000000000a060000,0x000000000a160000)]
  0x0000000008108000 JavaThread "Service Thread" daemon [_thread_blocked, id=6864, stack(0x0000000009860000,0x0000000009960000)]
  0x00000000080f6000 JavaThread "C2 CompilerThread1" daemon [_thread_in_vm, id=8260, stack(0x0000000009760000,0x0000000009860000)]
=>0x00000000080f4000 JavaThread "C2 CompilerThread0" daemon [_thread_in_native, id=7000, stack(0x0000000009660000,0x0000000009760000)]
  0x00000000080f3000 JavaThread "Attach Listener" daemon [_thread_blocked, id=11516, stack(0x0000000009560000,0x0000000009660000)]
  0x00000000080f0000 JavaThread "Signal Dispatcher" daemon [_thread_blocked, id=11492, stack(0x0000000009460000,0x0000000009560000)]
  0x00000000080b8000 JavaThread "Finalizer" daemon [_thread_blocked, id=9660, stack(0x0000000009360000,0x0000000009460000)]
  0x00000000080b5000 JavaThread "Reference Handler" daemon [_thread_blocked, id=8412, stack(0x0000000009260000,0x0000000009360000)]
  0x0000000002161000 JavaThread "main" [_thread_in_Java, id=9192, stack(0x0000000002060000,0x0000000002160000)]

Other Threads:
  0x00000000080b1000 VMThread [stack: 0x0000000009160000,0x0000000009260000] [id=8988]
  0x0000000008112800 WatcherThread [stack: 0x0000000009960000,0x0000000009a60000] [id=7468]

VM state:not at safepoint (normal execution)

VM Mutex/Monitor currently owned by a thread: None

Heap
 PSYoungGen      total 71680K, used 61493K [0x00000000eaa80000, 0x00000000ef580000, 0x0000000100000000)
  eden space 66560K, 84% used [0x00000000eaa80000,0x00000000ee1929d0,0x00000000eeb80000)
  from space 5120K, 99% used [0x00000000ef080000,0x00000000ef57ab30,0x00000000ef580000)
  to   space 5120K, 0% used [0x00000000eeb80000,0x00000000eeb80000,0x00000000ef080000)
 ParOldGen       total 86016K, used 16800K [0x00000000c0000000, 0x00000000c5400000, 0x00000000eaa80000)
  object space 86016K, 19% used [0x00000000c0000000,0x00000000c1068210,0x00000000c5400000)
 PSPermGen       total 21504K, used 6015K [0x00000000bae00000, 0x00000000bc300000, 0x00000000c0000000)
  object space 21504K, 27% used [0x00000000bae00000,0x00000000bb3dff78,0x00000000bc300000)

Card table byte_map: [0x0000000005320000,0x0000000005550000] byte_map_base: 0x0000000004d49000

Polling page: 0x0000000001f80000

Code Cache  [0x0000000002260000, 0x00000000024d0000, 0x0000000005260000)
 total_blobs=800 nmethods=562 adapters=189 free_code_cache=46876Kb largest_free_block=47934848

Compilation events (10 events):
Event: 7.151 Thread 0x00000000080f4000 nmethod 562 0x000000000247dd10 code [0x000000000247de40, 0x000000000247de98]
Event: 7.151 Thread 0x00000000080f4000  563             com.android.dx.ssa.LocalVariableInfo::mergeStarts (59 bytes)
Event: 7.167 Thread 0x00000000080f4000 nmethod 563 0x000000000247f910 code [0x000000000247fa80, 0x0000000002480018]
Event: 7.167 Thread 0x00000000080f4000  564             com.android.dx.ssa.LocalVariableInfo::mutableCopyOfStarts (29 bytes)
Event: 7.172 Thread 0x00000000080f4000 nmethod 564 0x000000000247d810 code [0x000000000247d960, 0x000000000247db68]
Event: 7.172 Thread 0x00000000080f4000  565             com.android.dx.ssa.SCCP::replaceConstants (209 bytes)
Event: 7.209 Thread 0x00000000080f4000 nmethod 565 0x000000000248b790 code [0x000000000248ba00, 0x000000000248c6a0]
Event: 7.209 Thread 0x00000000080f4000  566   !         com.android.dx.cf.code.RopperMachine::run (1550 bytes)
Event: 7.231 Thread 0x00000000080f6000 nmethod 542 0x0000000002495510 code [0x00000000024970c0, 0x000000000249d6a8]
Event: 7.232 Thread 0x00000000080f6000  567             com.android.dx.dex.cf.CfTranslator::translate0 (259 bytes)

GC Heap History (8 events):
Event: 4.182 GC heap before
{Heap before GC invocations=1 (full 0):
 PSYoungGen      total 38400K, used 33280K [0x00000000eaa80000, 0x00000000ed500000, 0x0000000100000000)
  eden space 33280K, 100% used [0x00000000eaa80000,0x00000000ecb00000,0x00000000ecb00000)
  from space 5120K, 0% used [0x00000000ed000000,0x00000000ed000000,0x00000000ed500000)
  to   space 5120K, 0% used [0x00000000ecb00000,0x00000000ecb00000,0x00000000ed000000)
 ParOldGen       total 86016K, used 0K [0x00000000c0000000, 0x00000000c5400000, 0x00000000eaa80000)
  object space 86016K, 0% used [0x00000000c0000000,0x00000000c0000000,0x00000000c5400000)
 PSPermGen       total 21504K, used 5835K [0x00000000bae00000, 0x00000000bc300000, 0x00000000c0000000)
  object space 21504K, 27% used [0x00000000bae00000,0x00000000bb3b2f10,0x00000000bc300000)
Event: 4.219 GC heap after
Heap after GC invocations=1 (full 0):
 PSYoungGen      total 38400K, used 5114K [0x00000000eaa80000, 0x00000000ed500000, 0x0000000100000000)
  eden space 33280K, 0% used [0x00000000eaa80000,0x00000000eaa80000,0x00000000ecb00000)
  from space 5120K, 99% used [0x00000000ecb00000,0x00000000ecffeac8,0x00000000ed000000)
  to   space 5120K, 0% used [0x00000000ed000000,0x00000000ed000000,0x00000000ed500000)
 ParOldGen       total 86016K, used 1645K [0x00000000c0000000, 0x00000000c5400000, 0x00000000eaa80000)
  object space 86016K, 1% used [0x00000000c0000000,0x00000000c019b6d8,0x00000000c5400000)
 PSPermGen       total 21504K, used 5835K [0x00000000bae00000, 0x00000000bc300000, 0x00000000c0000000)
  object space 21504K, 27% used [0x00000000bae00000,0x00000000bb3b2f10,0x00000000bc300000)
}
Event: 5.126 GC heap before
{Heap before GC invocations=2 (full 0):
 PSYoungGen      total 38400K, used 38394K [0x00000000eaa80000, 0x00000000ed500000, 0x0000000100000000)
  eden space 33280K, 100% used [0x00000000eaa80000,0x00000000ecb00000,0x00000000ecb00000)
  from space 5120K, 99% used [0x00000000ecb00000,0x00000000ecffeac8,0x00000000ed000000)
  to   space 5120K, 0% used [0x00000000ed000000,0x00000000ed000000,0x00000000ed500000)
 ParOldGen       total 86016K, used 1645K [0x00000000c0000000, 0x00000000c5400000, 0x00000000eaa80000)
  object space 86016K, 1% used [0x00000000c0000000,0x00000000c019b6d8,0x00000000c5400000)
 PSPermGen       total 21504K, used 5918K [0x00000000bae00000, 0x00000000bc300000, 0x00000000c0000000)
  object space 21504K, 27% used [0x00000000bae00000,0x00000000bb3c7b20,0x00000000bc300000)
Event: 5.159 GC heap after
Heap after GC invocations=2 (full 0):
 PSYoungGen      total 38400K, used 5101K [0x00000000eaa80000, 0x00000000ef580000, 0x0000000100000000)
  eden space 33280K, 0% used [0x00000000eaa80000,0x00000000eaa80000,0x00000000ecb00000)
  from space 5120K, 99% used [0x00000000ed000000,0x00000000ed4fb5b0,0x00000000ed500000)
  to   space 5120K, 0% used [0x00000000ecb00000,0x00000000ecb00000,0x00000000ed000000)
 ParOldGen       total 86016K, used 6829K [0x00000000c0000000, 0x00000000c5400000, 0x00000000eaa80000)
  object space 86016K, 7% used [0x00000000c0000000,0x00000000c06ab6a8,0x00000000c5400000)
 PSPermGen       total 21504K, used 5918K [0x00000000bae00000, 0x00000000bc300000, 0x00000000c0000000)
  object space 21504K, 27% used [0x00000000bae00000,0x00000000bb3c7b20,0x00000000bc300000)
}
Event: 6.069 GC heap before
{Heap before GC invocations=3 (full 0):
 PSYoungGen      total 38400K, used 38381K [0x00000000eaa80000, 0x00000000ef580000, 0x0000000100000000)
  eden space 33280K, 100% used [0x00000000eaa80000,0x00000000ecb00000,0x00000000ecb00000)
  from space 5120K, 99% used [0x00000000ed000000,0x00000000ed4fb5b0,0x00000000ed500000)
  to   space 5120K, 0% used [0x00000000ecb00000,0x00000000ecb00000,0x00000000ed000000)
 ParOldGen       total 86016K, used 6829K [0x00000000c0000000, 0x00000000c5400000, 0x00000000eaa80000)
  object space 86016K, 7% used [0x00000000c0000000,0x00000000c06ab6a8,0x00000000c5400000)
 PSPermGen       total 21504K, used 5945K [0x00000000bae00000, 0x00000000bc300000, 0x00000000c0000000)
  object space 21504K, 27% used [0x00000000bae00000,0x00000000bb3ce780,0x00000000bc300000)
Event: 6.092 GC heap after
Heap after GC invocations=3 (full 0):
 PSYoungGen      total 38400K, used 5105K [0x00000000eaa80000, 0x00000000ef580000, 0x0000000100000000)
  eden space 33280K, 0% used [0x00000000eaa80000,0x00000000eaa80000,0x00000000ecb00000)
  from space 5120K, 99% used [0x00000000ecb00000,0x00000000ecffc728,0x00000000ed000000)
  to   space 5120K, 0% used [0x00000000ef080000,0x00000000ef080000,0x00000000ef580000)
 ParOldGen       total 86016K, used 11639K [0x00000000c0000000, 0x00000000c5400000, 0x00000000eaa80000)
  object space 86016K, 13% used [0x00000000c0000000,0x00000000c0b5de80,0x00000000c5400000)
 PSPermGen       total 21504K, used 5945K [0x00000000bae00000, 0x00000000bc300000, 0x00000000c0000000)
  object space 21504K, 27% used [0x00000000bae00000,0x00000000bb3ce780,0x00000000bc300000)
}
Event: 6.538 GC heap before
{Heap before GC invocations=4 (full 0):
 PSYoungGen      total 38400K, used 38385K [0x00000000eaa80000, 0x00000000ef580000, 0x0000000100000000)
  eden space 33280K, 100% used [0x00000000eaa80000,0x00000000ecb00000,0x00000000ecb00000)
  from space 5120K, 99% used [0x00000000ecb00000,0x00000000ecffc728,0x00000000ed000000)
  to   space 5120K, 0% used [0x00000000ef080000,0x00000000ef080000,0x00000000ef580000)
 ParOldGen       total 86016K, used 11639K [0x00000000c0000000, 0x00000000c5400000, 0x00000000eaa80000)
  object space 86016K, 13% used [0x00000000c0000000,0x00000000c0b5de80,0x00000000c5400000)
 PSPermGen       total 21504K, used 5961K [0x00000000bae00000, 0x00000000bc300000, 0x00000000c0000000)
  object space 21504K, 27% used [0x00000000bae00000,0x00000000bb3d27b0,0x00000000bc300000)
Event: 6.601 GC heap after
Heap after GC invocations=4 (full 0):
 PSYoungGen      total 71680K, used 5098K [0x00000000eaa80000, 0x00000000ef580000, 0x0000000100000000)
  eden space 66560K, 0% used [0x00000000eaa80000,0x00000000eaa80000,0x00000000eeb80000)
  from space 5120K, 99% used [0x00000000ef080000,0x00000000ef57ab30,0x00000000ef580000)
  to   space 5120K, 0% used [0x00000000eeb80000,0x00000000eeb80000,0x00000000ef080000)
 ParOldGen       total 86016K, used 16800K [0x00000000c0000000, 0x00000000c5400000, 0x00000000eaa80000)
  object space 86016K, 19% used [0x00000000c0000000,0x00000000c1068210,0x00000000c5400000)
 PSPermGen       total 21504K, used 5961K [0x00000000bae00000, 0x00000000bc300000, 0x00000000c0000000)
  object space 21504K, 27% used [0x00000000bae00000,0x00000000bb3d27b0,0x00000000bc300000)
}

Deoptimization events (10 events):
Event: 6.433 Thread 0x0000000009b6e800 Uncommon trap: reason=class_check action=maybe_recompile pc=0x00000000023fbf3c method=com.android.dx.ssa.SCCP.replaceConstants()V @ 127
Event: 6.483 Thread 0x0000000002161000 Uncommon trap: reason=unreached action=reinterpret pc=0x0000000002319550 method=com.android.dx.ssa.LocalVariableExtractor.processBlock(I)V @ 251
Event: 6.656 Thread 0x0000000009c57800 Uncommon trap: reason=bimorphic action=maybe_recompile pc=0x000000000244c9d4 method=com.android.dx.cf.code.BytecodeArray.parseInstruction(ILcom/android/dx/cf/code/BytecodeArray$Visitor;)I @ 2484
Event: 6.656 Thread 0x0000000009c57800 Uncommon trap: reason=bimorphic action=maybe_recompile pc=0x000000000244c9d4 method=com.android.dx.cf.code.BytecodeArray.parseInstruction(ILcom/android/dx/cf/code/BytecodeArray$Visitor;)I @ 2484
Event: 6.656 Thread 0x0000000009c57800 Uncommon trap: reason=bimorphic action=maybe_recompile pc=0x000000000244c9d4 method=com.android.dx.cf.code.BytecodeArray.parseInstruction(ILcom/android/dx/cf/code/BytecodeArray$Visitor;)I @ 2484
Event: 6.656 Thread 0x0000000009c57800 Uncommon trap: reason=bimorphic action=maybe_recompile pc=0x000000000244c9d4 method=com.android.dx.cf.code.BytecodeArray.parseInstruction(ILcom/android/dx/cf/code/BytecodeArray$Visitor;)I @ 2484
Event: 6.682 Thread 0x0000000002161000 Uncommon trap: reason=bimorphic action=maybe_recompile pc=0x00000000023d4ce4 method=com.android.dx.cf.code.RopperMachine.run(Lcom/android/dx/cf/code/Frame;II)V @ 310
Event: 6.800 Thread 0x0000000009c57800 Uncommon trap: reason=bimorphic action=maybe_recompile pc=0x000000000243e064 method=com.android.dx.ssa.back.FirstFitLocalCombiningAllocator.findNextUnreservedRopReg(IILcom/android/dx/ssa/back/FirstFitLocalCombiningAllocator$Alignment;)I @ 60
Event: 6.806 Thread 0x0000000009c57800 Uncommon trap: reason=bimorphic action=maybe_recompile pc=0x000000000243e064 method=com.android.dx.ssa.back.FirstFitLocalCombiningAllocator.findNextUnreservedRopReg(IILcom/android/dx/ssa/back/FirstFitLocalCombiningAllocator$Alignment;)I @ 60
Event: 6.841 Thread 0x0000000009b72800 Uncommon trap: reason=null_check action=make_not_entrant pc=0x0000000002465924 method=com.android.dx.dex.file.MethodIdsSection.intern(Lcom/android/dx/rop/cst/CstBaseMethodRef;)Lcom/android/dx/dex/file/MethodIdItem; @ 26

Internal exceptions (10 events):
Event: 4.694 Thread 0x0000000009b6e800 Implicit null exception at 0x0000000002320958 to 0x0000000002321ce1
Event: 4.974 Thread 0x0000000002161000 Threw 0x00000000ec3b20b8 at C:\re\jdk7u79\2331\hotspot\src\share\vm\prims\jvm.cpp:1304
Event: 4.975 Thread 0x0000000002161000 Threw 0x00000000ec3b4598 at C:\re\jdk7u79\2331\hotspot\src\share\vm\prims\jvm.cpp:1304
Event: 4.980 Thread 0x0000000002161000 Threw 0x00000000ec42c088 at C:\re\jdk7u79\2331\hotspot\src\share\vm\prims\jvm.cpp:1304
Event: 4.982 Thread 0x0000000002161000 Threw 0x00000000ec42e3a0 at C:\re\jdk7u79\2331\hotspot\src\share\vm\prims\jvm.cpp:1304
Event: 5.014 Thread 0x0000000002161000 Threw 0x00000000ec5498c8 at C:\re\jdk7u79\2331\hotspot\src\share\vm\prims\jvm.cpp:1304
Event: 5.015 Thread 0x0000000002161000 Threw 0x00000000ec54f180 at C:\re\jdk7u79\2331\hotspot\src\share\vm\prims\jvm.cpp:1304
Event: 5.016 Thread 0x0000000002161000 Threw 0x00000000ec554700 at C:\re\jdk7u79\2331\hotspot\src\share\vm\prims\jvm.cpp:1304
Event: 5.900 Thread 0x0000000009b72800 Threw 0x00000000ec4449e0 at C:\re\jdk7u79\2331\hotspot\src\share\vm\prims\jvm.cpp:1304
Event: 6.673 Thread 0x0000000002161000 Threw 0x00000000eb2c9680 at C:\re\jdk7u79\2331\hotspot\src\share\vm\prims\jvm.cpp:1304

Events (10 events):
Event: 7.258 Thread 0x0000000009b6e800 Thread exited: 0x0000000009b6e800
Event: 7.305 Thread 0x0000000009c58000 Thread exited: 0x0000000009c58000
Event: 7.305 loading class 0x0000000008116970
Event: 7.305 loading class 0x0000000009ce50a0
Event: 7.305 loading class 0x00000000081167f0
Event: 7.305 loading class 0x00000000081167f0 done
Event: 7.306 loading class 0x0000000009ce50a0 done
Event: 7.306 loading class 0x0000000008116970 done
Event: 7.306 loading class 0x0000000008116940
Event: 7.306 loading class 0x0000000008116940 done


Dynamic libraries:
0x00007ff60ee50000 - 0x00007ff60ee83000 	C:\Program Files\Java\jdk1.7.0_79\bin\java.exe
0x00007ffdf8910000 - 0x00007ffdf8ad1000 	C:\Windows\SYSTEM32\ntdll.dll
0x00007ffdf6db0000 - 0x00007ffdf6e5d000 	C:\Windows\system32\KERNEL32.DLL
0x00007ffdf53e0000 - 0x00007ffdf55bd000 	C:\Windows\system32\KERNELBASE.dll
0x00007ffdf8790000 - 0x00007ffdf8836000 	C:\Windows\system32\ADVAPI32.dll
0x00007ffdf6a00000 - 0x00007ffdf6a9d000 	C:\Windows\system32\msvcrt.dll
0x00007ffdf88b0000 - 0x00007ffdf890b000 	C:\Windows\system32\sechost.dll
0x00007ffdf5fe0000 - 0x00007ffdf6106000 	C:\Windows\system32\RPCRT4.dll
0x00007ffdf6870000 - 0x00007ffdf69be000 	C:\Windows\system32\USER32.dll
0x00007ffdf65a0000 - 0x00007ffdf6726000 	C:\Windows\system32\GDI32.dll
0x00007ffdf1650000 - 0x00007ffdf18c4000 	C:\Windows\WinSxS\amd64_microsoft.windows.common-controls_6595b64144ccf1df_6.0.10240.16384_none_f41f7b285750ef43\COMCTL32.dll
0x00007ffdf69c0000 - 0x00007ffdf69f6000 	C:\Windows\system32\IMM32.DLL
0x00007ffdf6c50000 - 0x00007ffdf6dac000 	C:\Windows\system32\MSCTF.dll
0x00007ffdf5230000 - 0x00007ffdf5261000 	C:\Windows\system32\nvinitx.dll
0x00007ffdf5220000 - 0x00007ffdf522a000 	C:\Windows\SYSTEM32\VERSION.dll
0x0000000059ee0000 - 0x0000000059ee6000 	C:\Program Files\NVIDIA Corporation\CoProcManager\_etoured.dll
0x00007ffdf3a80000 - 0x00007ffdf3ab3000 	C:\Program Files\NVIDIA Corporation\CoProcManager\nvd3d9wrapx.dll
0x00007ffdf6e60000 - 0x00007ffdf7025000 	C:\Windows\system32\SETUPAPI.dll
0x00007ffdf5f90000 - 0x00007ffdf5fd4000 	C:\Windows\system32\CFGMGR32.dll
0x00007ffdf3a50000 - 0x00007ffdf3a72000 	C:\Program Files\NVIDIA Corporation\CoProcManager\nvdxgiwrapx.dll
0x0000000057cc0000 - 0x0000000057d92000 	C:\Program Files\Java\jdk1.7.0_79\jre\bin\msvcr100.dll
0x0000000058130000 - 0x0000000058905000 	C:\Program Files\Java\jdk1.7.0_79\jre\bin\server\jvm.dll
0x00007ffdf7030000 - 0x00007ffdf7038000 	C:\Windows\system32\PSAPI.DLL
0x00007ffdf0b70000 - 0x00007ffdf0b79000 	C:\Windows\SYSTEM32\WSOCK32.dll
0x00007ffdf6730000 - 0x00007ffdf6799000 	C:\Windows\system32\WS2_32.dll
0x00007ffdf85d0000 - 0x00007ffdf85d8000 	C:\Windows\system32\NSI.dll
0x00007ffdf39c0000 - 0x00007ffdf39e3000 	C:\Windows\SYSTEM32\WINMM.dll
0x00007ffdf3990000 - 0x00007ffdf39bc000 	C:\Windows\SYSTEM32\WINMMBASE.dll
0x00007ffdf3c60000 - 0x00007ffdf3c87000 	C:\Windows\SYSTEM32\DEVOBJ.dll
0x0000000058940000 - 0x000000005894f000 	C:\Program Files\Java\jdk1.7.0_79\jre\bin\verify.dll
0x0000000058100000 - 0x0000000058128000 	C:\Program Files\Java\jdk1.7.0_79\jre\bin\java.dll
0x00000000580e0000 - 0x00000000580f5000 	C:\Program Files\Java\jdk1.7.0_79\jre\bin\zip.dll
0x00000000580c0000 - 0x00000000580da000 	C:\Program Files\Java\jdk1.7.0_79\jre\bin\net.dll
0x00007ffdf4b00000 - 0x00007ffdf4b5d000 	C:\Windows\system32\mswsock.dll
0x00000000580a0000 - 0x00000000580b1000 	C:\Program Files\Java\jdk1.7.0_79\jre\bin\nio.dll

VM Arguments:
jvm_args: -Djava.awt.headless=true -Xmx1024M -Dfile.encoding=windows-1251 -Duser.country=UA -Duser.language=uk -Duser.variant 
java_command: com.android.dx.command.Main --dex --num-threads=4 --output C:\Users\Dmytro\AndroidStudioProjects\PhotoGallery\app\build\intermediates\pre-dexed\debug\com.android.support-recyclerview-v7-23.1.1_d1a5772f55315837c3b0b0b2e2f8a4e6f75999b3.jar C:\Users\Dmytro\AndroidStudioProjects\PhotoGallery\app\build\intermediates\exploded-aar\com.android.support\recyclerview-v7\23.1.1\jars\classes.jar
Launcher Type: SUN_STANDARD

Environment Variables:
JAVA_HOME=C:\Program Files\Java\jdk1.7.0_79
PATH=C:\Program Files\Java\jdk1.7.0_79;C:\Program Files (x86)\NVIDIA Corporation\PhysX\Common;C:\Program Files (x86)\Skype\Phone\
USERNAME=Dmytro
OS=Windows_NT
PROCESSOR_IDENTIFIER=Intel64 Family 6 Model 58 Stepping 9, GenuineIntel



---------------  S Y S T E M  ---------------

OS: Windows 8.1 , 64 bit Build 9600 

CPU:total 4 (2 cores per cpu, 2 threads per core) family 6 model 58 stepping 9, cmov, cx8, fxsr, mmx, sse, sse2, sse3, ssse3, sse4.1, sse4.2, popcnt, avx, erms, ht, tsc, tscinvbit, tscinv

Memory: 4k page, physical 8271684k(713336k free), swap 8271684k(8936k free)

vm_info: Java HotSpot(TM) 64-Bit Server VM (24.79-b02) for windows-amd64 JRE (1.7.0_79-b15), built on Apr 10 2015 12:36:16 by "java_re" with unknown MS VC++:1600

time: Tue Feb 09 21:27:35 2016
elapsed time: 7 seconds

