#
# There is insufficient memory for the Java Runtime Environment to continue.
# Native memory allocation (malloc) failed to allocate 292208 bytes for Chunk::new
# Possible reasons:
#   The system is out of physical RAM or swap space
#   In 32 bit mode, the process size limit was hit
# Possible solutions:
#   Reduce memory load on the system
#   Increase physical memory or swap space
#   Check if swap backing store is full
#   Use 64 bit Java on a 64 bit OS
#   Decrease Java heap size (-Xmx/-Xms)
#   Decrease number of Java threads
#   Decrease Java thread stack sizes (-Xss)
#   Set larger code cache with -XX:ReservedCodeCacheSize=
# This output file may be truncated or incomplete.
#
#  Out of Memory Error (allocation.cpp:323), pid=7696, tid=9760
#
# JRE version: Java(TM) SE Runtime Environment (7.0_79-b15) (build 1.7.0_79-b15)
# Java VM: Java HotSpot(TM) 64-Bit Server VM (24.79-b02 mixed mode windows-amd64 compressed oops)
# Failed to write core dump. Minidumps are not enabled by default on client versions of Windows
#

---------------  T H R E A D  ---------------

Current thread (0x0000000008793800):  JavaThread "C2 CompilerThread0" daemon [_thread_in_native, id=9760, stack(0x0000000009d10000,0x0000000009e10000)]

Stack: [0x0000000009d10000,0x0000000009e10000]
[error occurred during error reporting (printing stack bounds), id 0xc0000005]


[error occurred during error reporting (printing native stack), id 0xc0000005]


Current CompileTask:
C2:   4063  220             com.android.dx.ssa.SCCP::run (298 bytes)


---------------  P R O C E S S  ---------------

Java Threads: ( => current thread )
  0x000000000a394800 JavaThread "pool-1-thread-4" [_thread_in_Java, id=11744, stack(0x000000000a910000,0x000000000aa10000)]
  0x000000000a38f800 JavaThread "pool-1-thread-3" [_thread_blocked, id=2920, stack(0x000000000a810000,0x000000000a910000)]
  0x000000000a2f1000 JavaThread "pool-1-thread-2" [_thread_in_Java, id=9840, stack(0x000000000a710000,0x000000000a810000)]
  0x000000000a2f0000 JavaThread "pool-2-thread-1" [_thread_blocked, id=4780, stack(0x000000000a610000,0x000000000a710000)]
  0x000000000a196000 JavaThread "pool-1-thread-1" [_thread_blocked, id=3644, stack(0x000000000a510000,0x000000000a610000)]
  0x00000000087a7800 JavaThread "Service Thread" daemon [_thread_blocked, id=8032, stack(0x0000000009f10000,0x000000000a010000)]
  0x0000000008795800 JavaThread "C2 CompilerThread1" daemon [_thread_blocked, id=11200, stack(0x0000000009e10000,0x0000000009f10000)]
=>0x0000000008793800 JavaThread "C2 CompilerThread0" daemon [_thread_in_native, id=9760, stack(0x0000000009d10000,0x0000000009e10000)]
  0x0000000008792800 JavaThread "Attach Listener" daemon [_thread_blocked, id=3000, stack(0x0000000009c10000,0x0000000009d10000)]
  0x000000000878f800 JavaThread "Signal Dispatcher" daemon [_thread_blocked, id=9664, stack(0x0000000009b10000,0x0000000009c10000)]
  0x000000000875e000 JavaThread "Finalizer" daemon [_thread_blocked, id=768, stack(0x0000000009a10000,0x0000000009b10000)]
  0x0000000008755000 JavaThread "Reference Handler" daemon [_thread_blocked, id=1432, stack(0x0000000009910000,0x0000000009a10000)]
  0x0000000002801000 JavaThread "main" [_thread_blocked, id=2208, stack(0x0000000002700000,0x0000000002800000)]

Other Threads:
  0x0000000008751000 VMThread [stack: 0x0000000009810000,0x0000000009910000] [id=11212]
  0x00000000087b2000 WatcherThread [stack: 0x000000000a010000,0x000000000a110000] [id=7884]

VM state:synchronizing (normal execution)

VM Mutex/Monitor currently owned by a thread:  ([mutex/lock_event])
[0x00000000026fbc00] Safepoint_lock - owner thread: 0x0000000008751000
[0x00000000026fc880] Threads_lock - owner thread: 0x0000000008751000

Heap
 PSYoungGen      total 38400K, used 33280K [0x00000000eaa80000, 0x00000000ed500000, 0x0000000100000000)
  eden space 33280K, 100% used [0x00000000eaa80000,0x00000000ecb00000,0x00000000ecb00000)
  from space 5120K, 0% used [0x00000000ed000000,0x00000000ed000000,0x00000000ed500000)
  to   space 5120K, 0% used [0x00000000ecb00000,0x00000000ecb00000,0x00000000ed000000)
 ParOldGen       total 86016K, used 0K [0x00000000c0000000, 0x00000000c5400000, 0x00000000eaa80000)
  object space 86016K, 0% used [0x00000000c0000000,0x00000000c0000000,0x00000000c5400000)
 PSPermGen       total 21504K, used 5846K [0x00000000bae00000, 0x00000000bc300000, 0x00000000c0000000)
  object space 21504K, 27% used [0x00000000bae00000,0x00000000bb3b58c8,0x00000000bc300000)

Card table byte_map: [0x00000000059c0000,0x0000000005bf0000] byte_map_base: 0x00000000053e9000

Polling page: 0x0000000002520000

Code Cache  [0x0000000002900000, 0x0000000002b70000, 0x0000000005900000)
 total_blobs=464 nmethods=227 adapters=189 free_code_cache=48329Kb largest_free_block=49463360

Compilation events (10 events):
Event: 3.885 Thread 0x0000000008795800 nmethod 217 0x00000000029c8250 code [0x00000000029c83a0, 0x00000000029c8498]
Event: 3.888 Thread 0x0000000008793800  218             com.android.dx.rop.code.BasicBlockList::labelToBlock (46 bytes)
Event: 3.890 Thread 0x0000000008793800 nmethod 218 0x00000000029c1410 code [0x00000000029c1560, 0x00000000029c1698]
Event: 3.894 Thread 0x0000000008795800  219             com.android.dx.util.IntList::mutableCopy (39 bytes)
Event: 3.906 Thread 0x0000000008795800 nmethod 219 0x00000000029c2650 code [0x00000000029c27c0, 0x00000000029c2d98]
Event: 3.916 Thread 0x0000000008793800  220             com.android.dx.ssa.SCCP::run (298 bytes)
Event: 3.922 Thread 0x0000000008795800  221             com.android.dx.rop.cst.CstBaseMethodRef::compareTo0 (29 bytes)
Event: 3.932 Thread 0x0000000008795800 nmethod 221 0x00000000029cf2d0 code [0x00000000029cf480, 0x00000000029cfbd8]
Event: 3.939 Thread 0x0000000008795800  223             com.android.dx.rop.code.PlainInsn::<init> (73 bytes)
Event: 3.940 Thread 0x0000000008795800 nmethod 223 0x00000000029cea50 code [0x00000000029ceba0, 0x00000000029cecd8]

GC Heap History (0 events):
No events

Deoptimization events (1 events):
Event: 3.914 Thread 0x000000000a394800 Uncommon trap: reason=unreached action=reinterpret pc=0x00000000029aead0 method=com.android.dx.ssa.SsaRenamer$BlockRenamer.process()V @ 90

Internal exceptions (10 events):
Event: 2.022 Thread 0x000000000a196000 Threw 0x00000000eb61a038 at C:\re\jdk7u79\2331\hotspot\src\share\vm\prims\jvm.cpp:1304
Event: 2.023 Thread 0x000000000a196000 Threw 0x00000000eb61f2d0 at C:\re\jdk7u79\2331\hotspot\src\share\vm\prims\jvm.cpp:1304
Event: 2.024 Thread 0x000000000a196000 Threw 0x00000000eb624988 at C:\re\jdk7u79\2331\hotspot\src\share\vm\prims\jvm.cpp:1304
Event: 2.025 Thread 0x000000000a196000 Threw 0x00000000eb629dc8 at C:\re\jdk7u79\2331\hotspot\src\share\vm\prims\jvm.cpp:1304
Event: 2.064 Thread 0x0000000002801000 Threw 0x00000000eb8235d8 at C:\re\jdk7u79\2331\hotspot\src\share\vm\prims\jvm.cpp:1304
Event: 2.101 Thread 0x000000000a394800 Threw 0x00000000eb91f9f8 at C:\re\jdk7u79\2331\hotspot\src\share\vm\prims\jvm.cpp:1304
Event: 2.190 Thread 0x000000000a38f800 Threw 0x00000000eb78b490 at C:\re\jdk7u79\2331\hotspot\src\share\vm\prims\jvm.cpp:1304
Event: 2.431 Thread 0x000000000a196000 Threw 0x00000000eba236c0 at C:\re\jdk7u79\2331\hotspot\src\share\vm\prims\jvm.cpp:1304
Event: 2.784 Thread 0x000000000a394800 Threw 0x00000000ec0fa230 at C:\re\jdk7u79\2331\hotspot\src\share\vm\prims\jvm.cpp:1304
Event: 3.291 Thread 0x000000000a2f1000 Threw 0x00000000ebf21e28 at C:\re\jdk7u79\2331\hotspot\src\share\vm\prims\jvm.cpp:1304

Events (10 events):
Event: 2.479 loading class 0x00000000028751e0 done
Event: 2.784 loading class 0x000000000a383c50
Event: 2.784 loading class 0x000000000a383c50 done
Event: 3.055 loading class 0x000000000287dc10
Event: 3.056 loading class 0x000000000287dc10 done
Event: 3.291 loading class 0x000000000a386fe0
Event: 3.291 loading class 0x000000000a386fe0 done
Event: 3.914 Thread 0x000000000a394800 Uncommon trap: trap_request=0xffffffad fr.pc=0x00000000029aead0
Event: 3.914 Thread 0x000000000a394800 DEOPT PACKING pc=0x00000000029aead0 sp=0x000000000aa0eb90
Event: 3.914 Thread 0x000000000a394800 DEOPT UNPACKING pc=0x00000000029375a4 sp=0x000000000aa0eb58 mode 2


Dynamic libraries:
0x00007ff60ee50000 - 0x00007ff60ee83000 	C:\Program Files\Java\jdk1.7.0_79\bin\java.exe
0x00007ffdf8910000 - 0x00007ffdf8ad1000 	C:\Windows\SYSTEM32\ntdll.dll
0x00007ffdf6db0000 - 0x00007ffdf6e5d000 	C:\Windows\system32\KERNEL32.DLL
0x00007ffdf53e0000 - 0x00007ffdf55bd000 	C:\Windows\system32\KERNELBASE.dll
0x00007ffdf8790000 - 0x00007ffdf8836000 	C:\Windows\system32\ADVAPI32.dll
0x00007ffdf6a00000 - 0x00007ffdf6a9d000 	C:\Windows\system32\msvcrt.dll
0x00007ffdf88b0000 - 0x00007ffdf890b000 	C:\Windows\system32\sechost.dll
0x00007ffdf5fe0000 - 0x00007ffdf6106000 	C:\Windows\system32\RPCRT4.dll
0x00007ffdf6870000 - 0x00007ffdf69be000 	C:\Windows\system32\USER32.dll
0x00007ffdf65a0000 - 0x00007ffdf6726000 	C:\Windows\system32\GDI32.dll
0x00007ffdf1650000 - 0x00007ffdf18c4000 	C:\Windows\WinSxS\amd64_microsoft.windows.common-controls_6595b64144ccf1df_6.0.10240.16384_none_f41f7b285750ef43\COMCTL32.dll
0x00007ffdf69c0000 - 0x00007ffdf69f6000 	C:\Windows\system32\IMM32.DLL
0x00007ffdf6c50000 - 0x00007ffdf6dac000 	C:\Windows\system32\MSCTF.dll
0x00007ffdf5230000 - 0x00007ffdf5261000 	C:\Windows\system32\nvinitx.dll
0x00007ffdf5220000 - 0x00007ffdf522a000 	C:\Windows\SYSTEM32\VERSION.dll
0x0000000059ee0000 - 0x0000000059ee6000 	C:\Program Files\NVIDIA Corporation\CoProcManager\_etoured.dll
0x00007ffdf3a80000 - 0x00007ffdf3ab3000 	C:\Program Files\NVIDIA Corporation\CoProcManager\nvd3d9wrapx.dll
0x00007ffdf6e60000 - 0x00007ffdf7025000 	C:\Windows\system32\SETUPAPI.dll
0x00007ffdf5f90000 - 0x00007ffdf5fd4000 	C:\Windows\system32\CFGMGR32.dll
0x00007ffdf3a50000 - 0x00007ffdf3a72000 	C:\Program Files\NVIDIA Corporation\CoProcManager\nvdxgiwrapx.dll
0x0000000057cc0000 - 0x0000000057d92000 	C:\Program Files\Java\jdk1.7.0_79\jre\bin\msvcr100.dll
0x0000000058130000 - 0x0000000058905000 	C:\Program Files\Java\jdk1.7.0_79\jre\bin\server\jvm.dll
0x00007ffdf7030000 - 0x00007ffdf7038000 	C:\Windows\system32\PSAPI.DLL
0x00007ffdf0b70000 - 0x00007ffdf0b79000 	C:\Windows\SYSTEM32\WSOCK32.dll
0x00007ffdf6730000 - 0x00007ffdf6799000 	C:\Windows\system32\WS2_32.dll
0x00007ffdf85d0000 - 0x00007ffdf85d8000 	C:\Windows\system32\NSI.dll
0x00007ffdf39c0000 - 0x00007ffdf39e3000 	C:\Windows\SYSTEM32\WINMM.dll
0x00007ffdf3990000 - 0x00007ffdf39bc000 	C:\Windows\SYSTEM32\WINMMBASE.dll
0x00007ffdf3c60000 - 0x00007ffdf3c87000 	C:\Windows\SYSTEM32\DEVOBJ.dll
0x0000000058940000 - 0x000000005894f000 	C:\Program Files\Java\jdk1.7.0_79\jre\bin\verify.dll
0x0000000058100000 - 0x0000000058128000 	C:\Program Files\Java\jdk1.7.0_79\jre\bin\java.dll
0x00000000580e0000 - 0x00000000580f5000 	C:\Program Files\Java\jdk1.7.0_79\jre\bin\zip.dll
0x00000000580c0000 - 0x00000000580da000 	C:\Program Files\Java\jdk1.7.0_79\jre\bin\net.dll
0x00007ffdf4b00000 - 0x00007ffdf4b5d000 	C:\Windows\system32\mswsock.dll
0x00000000580a0000 - 0x00000000580b1000 	C:\Program Files\Java\jdk1.7.0_79\jre\bin\nio.dll

VM Arguments:
jvm_args: -Djava.awt.headless=true -Xmx1024M -Dfile.encoding=windows-1251 -Duser.country=UA -Duser.language=uk -Duser.variant 
java_command: com.android.dx.command.Main --dex --num-threads=4 --output C:\Users\Dmytro\AndroidStudioProjects\PhotoGallery\app\build\intermediates\pre-dexed\debug\com.android.support-appcompat-v7-23.1.0_8b7501c407ddbfb99773546c449db586bac2ab9a.jar C:\Users\Dmytro\AndroidStudioProjects\PhotoGallery\app\build\intermediates\exploded-aar\com.android.support\appcompat-v7\23.1.0\jars\classes.jar
Launcher Type: SUN_STANDARD

Environment Variables:
JAVA_HOME=C:\Program Files\Java\jdk1.7.0_79
PATH=C:\Program Files\Java\jdk1.7.0_79;C:\Program Files (x86)\NVIDIA Corporation\PhysX\Common;C:\Program Files (x86)\Skype\Phone\
USERNAME=Dmytro
OS=Windows_NT
PROCESSOR_IDENTIFIER=Intel64 Family 6 Model 58 Stepping 9, GenuineIntel



---------------  S Y S T E M  ---------------

OS: Windows 8.1 , 64 bit Build 9600 

CPU:total 4 (2 cores per cpu, 2 threads per core) family 6 model 58 stepping 9, cmov, cx8, fxsr, mmx, sse, sse2, sse3, ssse3, sse4.1, sse4.2, popcnt, avx, erms, ht, tsc, tscinvbit, tscinv

Memory: 4k page, physical 8271684k(724944k free), swap 8271684k(10540k free)

vm_info: Java HotSpot(TM) 64-Bit Server VM (24.79-b02) for windows-amd64 JRE (1.7.0_79-b15), built on Apr 10 2015 12:36:16 by "java_re" with unknown MS VC++:1600

time: Tue Feb 09 21:28:05 2016
elapsed time: 4 seconds

