#
# There is insufficient memory for the Java Runtime Environment to continue.
# Native memory allocation (malloc) failed to allocate 203472 bytes for Chunk::new
# Possible reasons:
#   The system is out of physical RAM or swap space
#   In 32 bit mode, the process size limit was hit
# Possible solutions:
#   Reduce memory load on the system
#   Increase physical memory or swap space
#   Check if swap backing store is full
#   Use 64 bit Java on a 64 bit OS
#   Decrease Java heap size (-Xmx/-Xms)
#   Decrease number of Java threads
#   Decrease Java thread stack sizes (-Xss)
#   Set larger code cache with -XX:ReservedCodeCacheSize=
# This output file may be truncated or incomplete.
#
#  Out of Memory Error (allocation.cpp:323), pid=9908, tid=7572
#
# JRE version: Java(TM) SE Runtime Environment (7.0_79-b15) (build 1.7.0_79-b15)
# Java VM: Java HotSpot(TM) 64-Bit Server VM (24.79-b02 mixed mode windows-amd64 compressed oops)
# Failed to write core dump. Minidumps are not enabled by default on client versions of Windows
#

---------------  T H R E A D  ---------------

Current thread (0x000000000882c000):  JavaThread "C2 CompilerThread0" daemon [_thread_in_native, id=7572, stack(0x0000000009db0000,0x0000000009eb0000)]

Stack: [0x0000000009db0000,0x0000000009eb0000]
[error occurred during error reporting (printing stack bounds), id 0xc0000005]


[error occurred during error reporting (printing native stack), id 0xc0000005]


Current CompileTask:
C2:   2925   91             com.android.dx.rop.code.RopMethod::calcPredecessors (227 bytes)


---------------  P R O C E S S  ---------------

Java Threads: ( => current thread )
  0x000000000a4b4000 JavaThread "pool-1-thread-4" [_thread_in_Java, id=11416, stack(0x000000000a9b0000,0x000000000aab0000)]
  0x000000000a4b3800 JavaThread "pool-1-thread-3" [_thread_in_vm, id=4116, stack(0x000000000a8b0000,0x000000000a9b0000)]
  0x000000000a4b0800 JavaThread "pool-1-thread-2" [_thread_in_Java, id=1496, stack(0x000000000a7b0000,0x000000000a8b0000)]
  0x000000000a248000 JavaThread "pool-2-thread-1" [_thread_blocked, id=3448, stack(0x000000000a6b0000,0x000000000a7b0000)]
  0x000000000889c800 JavaThread "pool-1-thread-1" [_thread_in_Java, id=9096, stack(0x000000000a5b0000,0x000000000a6b0000)]
  0x0000000008838000 JavaThread "Service Thread" daemon [_thread_blocked, id=11960, stack(0x0000000009fb0000,0x000000000a0b0000)]
  0x000000000882d800 JavaThread "C2 CompilerThread1" daemon [_thread_in_native, id=3744, stack(0x0000000009eb0000,0x0000000009fb0000)]
=>0x000000000882c000 JavaThread "C2 CompilerThread0" daemon [_thread_in_native, id=7572, stack(0x0000000009db0000,0x0000000009eb0000)]
  0x000000000882b800 JavaThread "Attach Listener" daemon [_thread_blocked, id=7552, stack(0x0000000009cb0000,0x0000000009db0000)]
  0x0000000008828800 JavaThread "Signal Dispatcher" daemon [_thread_blocked, id=7132, stack(0x0000000009bb0000,0x0000000009cb0000)]
  0x00000000087ef000 JavaThread "Finalizer" daemon [_thread_blocked, id=1944, stack(0x0000000009ab0000,0x0000000009bb0000)]
  0x00000000087e6000 JavaThread "Reference Handler" daemon [_thread_blocked, id=11172, stack(0x00000000099b0000,0x0000000009ab0000)]
  0x0000000002890800 JavaThread "main" [_thread_in_Java, id=3516, stack(0x0000000002790000,0x0000000002890000)]

Other Threads:
  0x00000000087e1800 VMThread [stack: 0x00000000098b0000,0x00000000099b0000] [id=3104]
  0x0000000008848000 WatcherThread [stack: 0x000000000a0b0000,0x000000000a1b0000] [id=9548]

VM state:not at safepoint (normal execution)

VM Mutex/Monitor currently owned by a thread: None

Heap
 PSYoungGen      total 38400K, used 20678K [0x00000000eaa80000, 0x00000000ed500000, 0x0000000100000000)
  eden space 33280K, 62% used [0x00000000eaa80000,0x00000000ebeb1950,0x00000000ecb00000)
  from space 5120K, 0% used [0x00000000ed000000,0x00000000ed000000,0x00000000ed500000)
  to   space 5120K, 0% used [0x00000000ecb00000,0x00000000ecb00000,0x00000000ed000000)
 ParOldGen       total 86016K, used 0K [0x00000000c0000000, 0x00000000c5400000, 0x00000000eaa80000)
  object space 86016K, 0% used [0x00000000c0000000,0x00000000c0000000,0x00000000c5400000)
 PSPermGen       total 21504K, used 5592K [0x00000000bae00000, 0x00000000bc300000, 0x00000000c0000000)
  object space 21504K, 26% used [0x00000000bae00000,0x00000000bb3763e0,0x00000000bc300000)

Card table byte_map: [0x0000000005a50000,0x0000000005c80000] byte_map_base: 0x0000000005479000

Polling page: 0x00000000010f0000

Code Cache  [0x0000000002990000, 0x0000000002c00000, 0x0000000005990000)
 total_blobs=328 nmethods=89 adapters=189 free_code_cache=48613Kb largest_free_block=49773056

Compilation events (10 events):
Event: 2.886 Thread 0x000000000882c000 nmethod 85 0x0000000002a13c50 code [0x0000000002a13da0, 0x0000000002a13f08]
Event: 2.886 Thread 0x000000000882c000   87             com.android.dx.rop.code.BasicBlockList::get (9 bytes)
Event: 2.887 Thread 0x000000000882c000 nmethod 87 0x0000000002a15310 code [0x0000000002a15460, 0x0000000002a15518]
Event: 2.887 Thread 0x000000000882c000   88             java.util.AbstractList::<init> (10 bytes)
Event: 2.887 Thread 0x000000000882c000 nmethod 88 0x0000000002a15110 code [0x0000000002a15240, 0x0000000002a15298]
Event: 2.893 Thread 0x000000000882c000   89   !         com.android.dx.util.FixedSizeList::set0 (22 bytes)
Event: 2.895 Thread 0x000000000882c000 nmethod 89 0x0000000002a14d90 code [0x0000000002a14ee0, 0x0000000002a14fd8]
Event: 2.896 Thread 0x000000000882c000   90             java.util.ArrayList$Itr::<init> (26 bytes)
Event: 2.897 Thread 0x000000000882c000 nmethod 90 0x0000000002a14b50 code [0x0000000002a14c80, 0x0000000002a14cf8]
Event: 2.897 Thread 0x000000000882c000   91             com.android.dx.rop.code.RopMethod::calcPredecessors (227 bytes)

GC Heap History (0 events):
No events

Deoptimization events (0 events):
No events

Internal exceptions (10 events):
Event: 2.618 Thread 0x000000000a4b3800 Threw 0x00000000ebae9698 at C:\re\jdk7u79\2331\hotspot\src\share\vm\prims\jvm.cpp:1304
Event: 2.623 Thread 0x000000000a4b3800 Threw 0x00000000ebaf5ab0 at C:\re\jdk7u79\2331\hotspot\src\share\vm\prims\jvm.cpp:1304
Event: 2.624 Thread 0x000000000a4b3800 Threw 0x00000000ebafb938 at C:\re\jdk7u79\2331\hotspot\src\share\vm\prims\jvm.cpp:1304
Event: 2.625 Thread 0x000000000a4b3800 Threw 0x00000000ebaffe60 at C:\re\jdk7u79\2331\hotspot\src\share\vm\prims\jvm.cpp:1304
Event: 2.630 Thread 0x0000000002890800 Threw 0x00000000eb8e8b30 at C:\re\jdk7u79\2331\hotspot\src\share\vm\prims\jvm.cpp:1304
Event: 2.633 Thread 0x000000000a4b4000 Threw 0x00000000eb8a62a8 at C:\re\jdk7u79\2331\hotspot\src\share\vm\prims\jvm.cpp:1304
Event: 2.640 Thread 0x000000000a4b4000 Threw 0x00000000eb8adff0 at C:\re\jdk7u79\2331\hotspot\src\share\vm\prims\jvm.cpp:1304
Event: 2.656 Thread 0x000000000a4b3800 Threw 0x00000000ebb1a690 at C:\re\jdk7u79\2331\hotspot\src\share\vm\prims\jvm.cpp:1304
Event: 2.881 Thread 0x0000000002890800 Threw 0x00000000ebcf7958 at C:\re\jdk7u79\2331\hotspot\src\share\vm\prims\jvm.cpp:1304
Event: 2.889 Thread 0x000000000889c800 Threw 0x00000000ebe1aaa8 at C:\re\jdk7u79\2331\hotspot\src\share\vm\prims\jvm.cpp:1304

Events (10 events):
Event: 2.640 loading class 0x000000000a33ab10
Event: 2.640 loading class 0x000000000a33ab10 done
Event: 2.656 loading class 0x000000000a23f100
Event: 2.656 loading class 0x000000000a23f100 done
Event: 2.881 loading class 0x0000000008871630
Event: 2.881 loading class 0x0000000008871630 done
Event: 2.889 loading class 0x000000000a4a60d0
Event: 2.889 loading class 0x000000000a4a60d0 done
Event: 2.897 loading class 0x0000000002905230
Event: 2.898 loading class 0x0000000002905230 done


Dynamic libraries:
0x00007ff60ee50000 - 0x00007ff60ee83000 	C:\Program Files\Java\jdk1.7.0_79\bin\java.exe
0x00007ffdf8910000 - 0x00007ffdf8ad1000 	C:\Windows\SYSTEM32\ntdll.dll
0x00007ffdf6db0000 - 0x00007ffdf6e5d000 	C:\Windows\system32\KERNEL32.DLL
0x00007ffdf53e0000 - 0x00007ffdf55bd000 	C:\Windows\system32\KERNELBASE.dll
0x00007ffdf8790000 - 0x00007ffdf8836000 	C:\Windows\system32\ADVAPI32.dll
0x00007ffdf6a00000 - 0x00007ffdf6a9d000 	C:\Windows\system32\msvcrt.dll
0x00007ffdf88b0000 - 0x00007ffdf890b000 	C:\Windows\system32\sechost.dll
0x00007ffdf5fe0000 - 0x00007ffdf6106000 	C:\Windows\system32\RPCRT4.dll
0x00007ffdf6870000 - 0x00007ffdf69be000 	C:\Windows\system32\USER32.dll
0x00007ffdf65a0000 - 0x00007ffdf6726000 	C:\Windows\system32\GDI32.dll
0x00007ffdf1650000 - 0x00007ffdf18c4000 	C:\Windows\WinSxS\amd64_microsoft.windows.common-controls_6595b64144ccf1df_6.0.10240.16384_none_f41f7b285750ef43\COMCTL32.dll
0x00007ffdf69c0000 - 0x00007ffdf69f6000 	C:\Windows\system32\IMM32.DLL
0x00007ffdf6c50000 - 0x00007ffdf6dac000 	C:\Windows\system32\MSCTF.dll
0x00007ffdf5230000 - 0x00007ffdf5261000 	C:\Windows\system32\nvinitx.dll
0x00007ffdf5220000 - 0x00007ffdf522a000 	C:\Windows\SYSTEM32\VERSION.dll
0x0000000059ee0000 - 0x0000000059ee6000 	C:\Program Files\NVIDIA Corporation\CoProcManager\_etoured.dll
0x00007ffdf3a80000 - 0x00007ffdf3ab3000 	C:\Program Files\NVIDIA Corporation\CoProcManager\nvd3d9wrapx.dll
0x00007ffdf6e60000 - 0x00007ffdf7025000 	C:\Windows\system32\SETUPAPI.dll
0x00007ffdf5f90000 - 0x00007ffdf5fd4000 	C:\Windows\system32\CFGMGR32.dll
0x00007ffdf3a50000 - 0x00007ffdf3a72000 	C:\Program Files\NVIDIA Corporation\CoProcManager\nvdxgiwrapx.dll
0x0000000057cc0000 - 0x0000000057d92000 	C:\Program Files\Java\jdk1.7.0_79\jre\bin\msvcr100.dll
0x0000000058130000 - 0x0000000058905000 	C:\Program Files\Java\jdk1.7.0_79\jre\bin\server\jvm.dll
0x00007ffdf7030000 - 0x00007ffdf7038000 	C:\Windows\system32\PSAPI.DLL
0x00007ffdf2530000 - 0x00007ffdf2539000 	C:\Windows\SYSTEM32\WSOCK32.dll
0x00007ffdf39c0000 - 0x00007ffdf39e3000 	C:\Windows\SYSTEM32\WINMM.dll
0x00007ffdf6730000 - 0x00007ffdf6799000 	C:\Windows\system32\WS2_32.dll
0x00007ffdf85d0000 - 0x00007ffdf85d8000 	C:\Windows\system32\NSI.dll
0x00007ffdf3990000 - 0x00007ffdf39bc000 	C:\Windows\SYSTEM32\WINMMBASE.dll
0x00007ffdf3c60000 - 0x00007ffdf3c87000 	C:\Windows\SYSTEM32\DEVOBJ.dll
0x0000000058940000 - 0x000000005894f000 	C:\Program Files\Java\jdk1.7.0_79\jre\bin\verify.dll
0x0000000058100000 - 0x0000000058128000 	C:\Program Files\Java\jdk1.7.0_79\jre\bin\java.dll
0x00000000580e0000 - 0x00000000580f5000 	C:\Program Files\Java\jdk1.7.0_79\jre\bin\zip.dll
0x00000000580c0000 - 0x00000000580da000 	C:\Program Files\Java\jdk1.7.0_79\jre\bin\net.dll
0x00007ffdf4b00000 - 0x00007ffdf4b5d000 	C:\Windows\system32\mswsock.dll
0x00000000580a0000 - 0x00000000580b1000 	C:\Program Files\Java\jdk1.7.0_79\jre\bin\nio.dll

VM Arguments:
jvm_args: -Djava.awt.headless=true -Xmx1024M -Dfile.encoding=windows-1251 -Duser.country=UA -Duser.language=uk -Duser.variant 
java_command: com.android.dx.command.Main --dex --num-threads=4 --output C:\Users\Dmytro\AndroidStudioProjects\PhotoGallery\app\build\intermediates\pre-dexed\debug\internal_impl-23.1.0_ffaf6aa3f6ca49b0b9f5dc9c6ad573b78529fdbe.jar C:\Users\Dmytro\AndroidStudioProjects\PhotoGallery\app\build\intermediates\exploded-aar\com.android.support\support-v4\23.1.0\jars\libs\internal_impl-23.1.0.jar
Launcher Type: SUN_STANDARD

Environment Variables:
JAVA_HOME=C:\Program Files\Java\jdk1.7.0_79
PATH=C:\Program Files\Java\jdk1.7.0_79;C:\Program Files (x86)\NVIDIA Corporation\PhysX\Common;C:\Program Files (x86)\Skype\Phone\
USERNAME=Dmytro
OS=Windows_NT
PROCESSOR_IDENTIFIER=Intel64 Family 6 Model 58 Stepping 9, GenuineIntel



---------------  S Y S T E M  ---------------

OS: Windows 8.1 , 64 bit Build 9600 

CPU:total 4 (2 cores per cpu, 2 threads per core) family 6 model 58 stepping 9, cmov, cx8, fxsr, mmx, sse, sse2, sse3, ssse3, sse4.1, sse4.2, popcnt, avx, erms, ht, tsc, tscinvbit, tscinv

Memory: 4k page, physical 8271684k(1320284k free), swap 8271684k(1052k free)

vm_info: Java HotSpot(TM) 64-Bit Server VM (24.79-b02) for windows-amd64 JRE (1.7.0_79-b15), built on Apr 10 2015 12:36:16 by "java_re" with unknown MS VC++:1600

