#
# There is insufficient memory for the Java Runtime Environment to continue.
# Native memory allocation (malloc) failed to allocate 478576 bytes for Chunk::new
# Possible reasons:
#   The system is out of physical RAM or swap space
#   In 32 bit mode, the process size limit was hit
# Possible solutions:
#   Reduce memory load on the system
#   Increase physical memory or swap space
#   Check if swap backing store is full
#   Use 64 bit Java on a 64 bit OS
#   Decrease Java heap size (-Xmx/-Xms)
#   Decrease number of Java threads
#   Decrease Java thread stack sizes (-Xss)
#   Set larger code cache with -XX:ReservedCodeCacheSize=
# This output file may be truncated or incomplete.
#
#  Out of Memory Error (allocation.cpp:323), pid=3384, tid=5588
#
# JRE version: Java(TM) SE Runtime Environment (7.0_79-b15) (build 1.7.0_79-b15)
# Java VM: Java HotSpot(TM) 64-Bit Server VM (24.79-b02 mixed mode windows-amd64 compressed oops)
# Failed to write core dump. Minidumps are not enabled by default on client versions of Windows
#

---------------  T H R E A D  ---------------

Current thread (0x0000000008014000):  JavaThread "C2 CompilerThread0" daemon [_thread_in_native, id=5588, stack(0x0000000009590000,0x0000000009690000)]

Stack: [0x0000000009590000,0x0000000009690000]
[error occurred during error reporting (printing stack bounds), id 0xc0000005]


Current CompileTask:
C2:  11767  621   !         com.android.dx.cf.code.Ropper::doit (126 bytes)


---------------  P R O C E S S  ---------------

Java Threads: ( => current thread )
  0x0000000009c9d800 JavaThread "pool-2-thread-4" [_thread_in_Java, id=5704, stack(0x000000000a190000,0x000000000a290000)]
  0x0000000009c99000 JavaThread "pool-2-thread-3" [_thread_in_Java, id=1804, stack(0x000000000a090000,0x000000000a190000)]
  0x0000000009c96000 JavaThread "pool-2-thread-2" [_thread_in_Java, id=5876, stack(0x0000000009f90000,0x000000000a090000)]
  0x0000000009cc7800 JavaThread "pool-3-thread-1" [_thread_blocked, id=2292, stack(0x0000000009e90000,0x0000000009f90000)]
  0x0000000009a33000 JavaThread "pool-2-thread-1" [_thread_in_Java, id=6184, stack(0x0000000009d90000,0x0000000009e90000)]
  0x0000000008028000 JavaThread "Service Thread" daemon [_thread_blocked, id=2360, stack(0x0000000009790000,0x0000000009890000)]
  0x0000000008015800 JavaThread "C2 CompilerThread1" daemon [_thread_in_native, id=3812, stack(0x0000000009690000,0x0000000009790000)]
=>0x0000000008014000 JavaThread "C2 CompilerThread0" daemon [_thread_in_native, id=5588, stack(0x0000000009590000,0x0000000009690000)]
  0x0000000008013000 JavaThread "Attach Listener" daemon [_thread_blocked, id=6880, stack(0x0000000009490000,0x0000000009590000)]
  0x000000000800f800 JavaThread "Signal Dispatcher" daemon [_thread_blocked, id=2188, stack(0x0000000009390000,0x0000000009490000)]
  0x0000000007fd8800 JavaThread "Finalizer" daemon [_thread_blocked, id=1660, stack(0x0000000009290000,0x0000000009390000)]
  0x0000000007fd5000 JavaThread "Reference Handler" daemon [_thread_blocked, id=5960, stack(0x0000000009190000,0x0000000009290000)]
  0x0000000001fed800 JavaThread "main" [_thread_blocked, id=2000, stack(0x0000000001ee0000,0x0000000001fe0000)]

Other Threads:
  0x0000000007fd1000 VMThread [stack: 0x0000000009090000,0x0000000009190000] [id=4616]
  0x0000000008032800 WatcherThread [stack: 0x0000000009890000,0x0000000009990000] [id=5608]

VM state:not at safepoint (normal execution)

VM Mutex/Monitor currently owned by a thread: None

Heap
 PSYoungGen      total 138240K, used 95299K [0x00000000eaa80000, 0x00000000f3680000, 0x0000000100000000)
  eden space 133120K, 67% used [0x00000000eaa80000,0x00000000f0296218,0x00000000f2c80000)
  from space 5120K, 99% used [0x00000000f3180000,0x00000000f367ac60,0x00000000f3680000)
  to   space 5120K, 0% used [0x00000000f2c80000,0x00000000f2c80000,0x00000000f3180000)
 ParOldGen       total 86016K, used 26257K [0x00000000c0000000, 0x00000000c5400000, 0x00000000eaa80000)
  object space 86016K, 30% used [0x00000000c0000000,0x00000000c19a44c0,0x00000000c5400000)
 PSPermGen       total 21504K, used 6049K [0x00000000bae00000, 0x00000000bc300000, 0x00000000c0000000)
  object space 21504K, 28% used [0x00000000bae00000,0x00000000bb3e84c0,0x00000000bc300000)

Card table byte_map: [0x0000000005240000,0x0000000005470000] byte_map_base: 0x0000000004c69000

Polling page: 0x0000000000690000

Code Cache  [0x0000000002180000, 0x0000000002410000, 0x0000000005180000)
 total_blobs=844 nmethods=607 adapters=189 free_code_cache=46632Kb largest_free_block=47693184

Compilation events (10 events):
Event: 11.621 Thread 0x0000000008015800  616             com.android.dx.ssa.LocalVariableInfo::getStarts (19 bytes)
Event: 11.622 Thread 0x0000000008015800 nmethod 616 0x00000000023fdb10 code [0x00000000023fdc40, 0x00000000023fdcd8]
Event: 11.624 Thread 0x0000000008014000  617 % !         com.android.dx.cf.code.Ropper::doit @ 21 (126 bytes)
Event: 11.624 Thread 0x0000000008015800  618             com.android.dx.ssa.MoveParamCombiner$1::visitPhiInsn (1 bytes)
Event: 11.624 Thread 0x0000000008015800 nmethod 618 0x00000000023fd910 code [0x00000000023fda40, 0x00000000023fda98]
Event: 11.627 Thread 0x0000000008015800  619   !         com.android.dx.cf.code.BytecodeArray::parseInstruction (2764 bytes)
Event: 11.702 Thread 0x0000000008014000 nmethod 617% 0x000000000229e590 code [0x000000000229e9e0, 0x00000000022a04f8]
Event: 11.702 Thread 0x0000000008014000  620             com.android.dx.rop.type.Prototype::withFirstParameter (68 bytes)
Event: 11.745 Thread 0x0000000008014000 nmethod 620 0x00000000022ac490 code [0x00000000022ac660, 0x00000000022ad888]
Event: 11.745 Thread 0x0000000008014000  621   !         com.android.dx.cf.code.Ropper::doit (126 bytes)

GC Heap History (8 events):
Event: 4.218 GC heap before
{Heap before GC invocations=1 (full 0):
 PSYoungGen      total 38400K, used 33280K [0x00000000eaa80000, 0x00000000ed500000, 0x0000000100000000)
  eden space 33280K, 100% used [0x00000000eaa80000,0x00000000ecb00000,0x00000000ecb00000)
  from space 5120K, 0% used [0x00000000ed000000,0x00000000ed000000,0x00000000ed500000)
  to   space 5120K, 0% used [0x00000000ecb00000,0x00000000ecb00000,0x00000000ed000000)
 ParOldGen       total 86016K, used 0K [0x00000000c0000000, 0x00000000c5400000, 0x00000000eaa80000)
  object space 86016K, 0% used [0x00000000c0000000,0x00000000c0000000,0x00000000c5400000)
 PSPermGen       total 21504K, used 5831K [0x00000000bae00000, 0x00000000bc300000, 0x00000000c0000000)
  object space 21504K, 27% used [0x00000000bae00000,0x00000000bb3b1e10,0x00000000bc300000)
Event: 4.390 GC heap after
Heap after GC invocations=1 (full 0):
 PSYoungGen      total 38400K, used 5096K [0x00000000eaa80000, 0x00000000ef580000, 0x0000000100000000)
  eden space 33280K, 0% used [0x00000000eaa80000,0x00000000eaa80000,0x00000000ecb00000)
  from space 5120K, 99% used [0x00000000ecb00000,0x00000000ecffa2a0,0x00000000ed000000)
  to   space 5120K, 0% used [0x00000000ef080000,0x00000000ef080000,0x00000000ef580000)
 ParOldGen       total 86016K, used 1169K [0x00000000c0000000, 0x00000000c5400000, 0x00000000eaa80000)
  object space 86016K, 1% used [0x00000000c0000000,0x00000000c01247e0,0x00000000c5400000)
 PSPermGen       total 21504K, used 5831K [0x00000000bae00000, 0x00000000bc300000, 0x00000000c0000000)
  object space 21504K, 27% used [0x00000000bae00000,0x00000000bb3b1e10,0x00000000bc300000)
}
Event: 7.137 GC heap before
{Heap before GC invocations=2 (full 0):
 PSYoungGen      total 38400K, used 38376K [0x00000000eaa80000, 0x00000000ef580000, 0x0000000100000000)
  eden space 33280K, 100% used [0x00000000eaa80000,0x00000000ecb00000,0x00000000ecb00000)
  from space 5120K, 99% used [0x00000000ecb00000,0x00000000ecffa2a0,0x00000000ed000000)
  to   space 5120K, 0% used [0x00000000ef080000,0x00000000ef080000,0x00000000ef580000)
 ParOldGen       total 86016K, used 1169K [0x00000000c0000000, 0x00000000c5400000, 0x00000000eaa80000)
  object space 86016K, 1% used [0x00000000c0000000,0x00000000c01247e0,0x00000000c5400000)
 PSPermGen       total 21504K, used 5919K [0x00000000bae00000, 0x00000000bc300000, 0x00000000c0000000)
  object space 21504K, 27% used [0x00000000bae00000,0x00000000bb3c7d08,0x00000000bc300000)
Event: 7.160 GC heap after
Heap after GC invocations=2 (full 0):
 PSYoungGen      total 71680K, used 5110K [0x00000000eaa80000, 0x00000000ef580000, 0x0000000100000000)
  eden space 66560K, 0% used [0x00000000eaa80000,0x00000000eaa80000,0x00000000eeb80000)
  from space 5120K, 99% used [0x00000000ef080000,0x00000000ef57da78,0x00000000ef580000)
  to   space 5120K, 0% used [0x00000000eeb80000,0x00000000eeb80000,0x00000000ef080000)
 ParOldGen       total 86016K, used 5675K [0x00000000c0000000, 0x00000000c5400000, 0x00000000eaa80000)
  object space 86016K, 6% used [0x00000000c0000000,0x00000000c058ade0,0x00000000c5400000)
 PSPermGen       total 21504K, used 5919K [0x00000000bae00000, 0x00000000bc300000, 0x00000000c0000000)
  object space 21504K, 27% used [0x00000000bae00000,0x00000000bb3c7d08,0x00000000bc300000)
}
Event: 9.662 GC heap before
{Heap before GC invocations=3 (full 0):
 PSYoungGen      total 71680K, used 71670K [0x00000000eaa80000, 0x00000000ef580000, 0x0000000100000000)
  eden space 66560K, 100% used [0x00000000eaa80000,0x00000000eeb80000,0x00000000eeb80000)
  from space 5120K, 99% used [0x00000000ef080000,0x00000000ef57da78,0x00000000ef580000)
  to   space 5120K, 0% used [0x00000000eeb80000,0x00000000eeb80000,0x00000000ef080000)
 ParOldGen       total 86016K, used 5675K [0x00000000c0000000, 0x00000000c5400000, 0x00000000eaa80000)
  object space 86016K, 6% used [0x00000000c0000000,0x00000000c058ade0,0x00000000c5400000)
 PSPermGen       total 21504K, used 5975K [0x00000000bae00000, 0x00000000bc300000, 0x00000000c0000000)
  object space 21504K, 27% used [0x00000000bae00000,0x00000000bb3d5ea0,0x00000000bc300000)
Event: 9.950 GC heap after
Heap after GC invocations=3 (full 0):
 PSYoungGen      total 71680K, used 5108K [0x00000000eaa80000, 0x00000000f3680000, 0x0000000100000000)
  eden space 66560K, 0% used [0x00000000eaa80000,0x00000000eaa80000,0x00000000eeb80000)
  from space 5120K, 99% used [0x00000000eeb80000,0x00000000ef07d2a8,0x00000000ef080000)
  to   space 5120K, 0% used [0x00000000f3180000,0x00000000f3180000,0x00000000f3680000)
 ParOldGen       total 86016K, used 16130K [0x00000000c0000000, 0x00000000c5400000, 0x00000000eaa80000)
  object space 86016K, 18% used [0x00000000c0000000,0x00000000c0fc0a30,0x00000000c5400000)
 PSPermGen       total 21504K, used 5975K [0x00000000bae00000, 0x00000000bc300000, 0x00000000c0000000)
  object space 21504K, 27% used [0x00000000bae00000,0x00000000bb3d5ea0,0x00000000bc300000)
}
Event: 11.090 GC heap before
{Heap before GC invocations=4 (full 0):
 PSYoungGen      total 71680K, used 71668K [0x00000000eaa80000, 0x00000000f3680000, 0x0000000100000000)
  eden space 66560K, 100% used [0x00000000eaa80000,0x00000000eeb80000,0x00000000eeb80000)
  from space 5120K, 99% used [0x00000000eeb80000,0x00000000ef07d2a8,0x00000000ef080000)
  to   space 5120K, 0% used [0x00000000f3180000,0x00000000f3180000,0x00000000f3680000)
 ParOldGen       total 86016K, used 16130K [0x00000000c0000000, 0x00000000c5400000, 0x00000000eaa80000)
  object space 86016K, 18% used [0x00000000c0000000,0x00000000c0fc0a30,0x00000000c5400000)
 PSPermGen       total 21504K, used 6017K [0x00000000bae00000, 0x00000000bc300000, 0x00000000c0000000)
  object space 21504K, 27% used [0x00000000bae00000,0x00000000bb3e04d0,0x00000000bc300000)
Event: 11.191 GC heap after
Heap after GC invocations=4 (full 0):
 PSYoungGen      total 138240K, used 5099K [0x00000000eaa80000, 0x00000000f3680000, 0x0000000100000000)
  eden space 133120K, 0% used [0x00000000eaa80000,0x00000000eaa80000,0x00000000f2c80000)
  from space 5120K, 99% used [0x00000000f3180000,0x00000000f367ac60,0x00000000f3680000)
  to   space 5120K, 0% used [0x00000000f2c80000,0x00000000f2c80000,0x00000000f3180000)
 ParOldGen       total 86016K, used 26257K [0x00000000c0000000, 0x00000000c5400000, 0x00000000eaa80000)
  object space 86016K, 30% used [0x00000000c0000000,0x00000000c19a44c0,0x00000000c5400000)
 PSPermGen       total 21504K, used 6017K [0x00000000bae00000, 0x00000000bc300000, 0x00000000c0000000)
  object space 21504K, 27% used [0x00000000bae00000,0x00000000bb3e04d0,0x00000000bc300000)
}

Deoptimization events (10 events):
Event: 10.474 Thread 0x0000000009c99000 Uncommon trap: reason=class_check action=maybe_recompile pc=0x0000000002312360 method=com.android.dx.ssa.SCCP.replaceConstants()V @ 182
Event: 11.085 Thread 0x0000000001fed800 Uncommon trap: reason=class_check action=maybe_recompile pc=0x00000000023ecfb4 method=com.android.dx.cf.code.BytecodeArray.parseInstruction(ILcom/android/dx/cf/code/BytecodeArray$Visitor;)I @ 1939
Event: 11.192 Thread 0x0000000009a33000 Uncommon trap: reason=bimorphic action=maybe_recompile pc=0x00000000023957f0 method=com.android.dx.ssa.LiteralOpUpgrader.tryReplacingWithConstant(Lcom/android/dx/ssa/NormalSsaInsn;)Z @ 62
Event: 11.300 Thread 0x0000000009c9d800 Uncommon trap: reason=unloaded action=reinterpret pc=0x0000000002386f84 method=com.android.dx.cf.code.Ropper.addReturnBlock()V @ 45
Event: 11.300 Thread 0x0000000009c9d800 Uncommon trap: reason=unreached action=reinterpret pc=0x00000000022b89ac method=com.android.dx.ssa.MoveParamCombiner$1.visitNonMoveInsn(Lcom/android/dx/ssa/NormalSsaInsn;)V @ 27
Event: 11.368 Thread 0x0000000009a33000 Uncommon trap: reason=class_check action=maybe_recompile pc=0x00000000023da65c method=com.android.dx.cf.code.RopperMachine.run(Lcom/android/dx/cf/code/Frame;II)V @ 1024
Event: 11.616 Thread 0x0000000009a33000 Uncommon trap: reason=class_check action=maybe_recompile pc=0x00000000023ecfb4 method=com.android.dx.cf.code.BytecodeArray.parseInstruction(ILcom/android/dx/cf/code/BytecodeArray$Visitor;)I @ 1939
Event: 11.616 Thread 0x0000000009a33000 Uncommon trap: reason=class_check action=maybe_recompile pc=0x00000000023ecfb4 method=com.android.dx.cf.code.BytecodeArray.parseInstruction(ILcom/android/dx/cf/code/BytecodeArray$Visitor;)I @ 1939
Event: 11.616 Thread 0x0000000009a33000 Uncommon trap: reason=class_check action=maybe_recompile pc=0x00000000023ecfb4 method=com.android.dx.cf.code.BytecodeArray.parseInstruction(ILcom/android/dx/cf/code/BytecodeArray$Visitor;)I @ 1939
Event: 11.620 Thread 0x0000000009c9d800 Uncommon trap: reason=unreached action=reinterpret pc=0x00000000023fe8ac method=com.android.dx.ssa.SsaMethod.onInsnRemoved(Lcom/android/dx/ssa/SsaInsn;)V @ 29

Internal exceptions (10 events):
Event: 2.702 Thread 0x0000000009c96000 Implicit null exception at 0x0000000002204813 to 0x0000000002204b6d
Event: 2.864 Thread 0x0000000001fed800 Threw 0x00000000ebd5d2d0 at C:\re\jdk7u79\2331\hotspot\src\share\vm\prims\jvm.cpp:1304
Event: 2.868 Thread 0x0000000001fed800 Threw 0x00000000ebd6e118 at C:\re\jdk7u79\2331\hotspot\src\share\vm\prims\jvm.cpp:1304
Event: 3.971 Thread 0x0000000001fed800 Implicit null exception at 0x0000000002233007 to 0x00000000022336e5
Event: 5.966 Thread 0x0000000001fed800 Threw 0x00000000ebded730 at C:\re\jdk7u79\2331\hotspot\src\share\vm\prims\jvm.cpp:1304
Event: 6.375 Thread 0x0000000009c96000 Implicit null exception at 0x00000000022ace2c to 0x00000000022ae381
Event: 8.585 Thread 0x0000000009c9d800 Threw 0x00000000ebf1ef88 at C:\re\jdk7u79\2331\hotspot\src\share\vm\prims\jvm.cpp:1304
Event: 9.028 Thread 0x0000000009c9d800 Threw 0x00000000ecea7140 at C:\re\jdk7u79\2331\hotspot\src\share\vm\prims\jvm.cpp:1304
Event: 10.715 Thread 0x0000000001fed800 Threw 0x00000000ed9da0d0 at C:\re\jdk7u79\2331\hotspot\src\share\vm\prims\jvm.cpp:1304
Event: 11.620 Thread 0x0000000009c9d800 Implicit null exception at 0x00000000023fe60d to 0x00000000023fe89d

Events (10 events):
Event: 11.616 Thread 0x0000000009a33000 DEOPT UNPACKING pc=0x00000000021b75a4 sp=0x0000000009e8e6c8 mode 2
Event: 11.616 Thread 0x0000000009a33000 Uncommon trap: trap_request=0xffffffde fr.pc=0x00000000023ecfb4
Event: 11.616 Thread 0x0000000009a33000 DEOPT PACKING pc=0x00000000023ecfb4 sp=0x0000000009e8e750
Event: 11.616 Thread 0x0000000009a33000 DEOPT UNPACKING pc=0x00000000021b75a4 sp=0x0000000009e8e6c8 mode 2
Event: 11.616 Thread 0x0000000009a33000 Uncommon trap: trap_request=0xffffffde fr.pc=0x00000000023ecfb4
Event: 11.616 Thread 0x0000000009a33000 DEOPT PACKING pc=0x00000000023ecfb4 sp=0x0000000009e8e750
Event: 11.616 Thread 0x0000000009a33000 DEOPT UNPACKING pc=0x00000000021b75a4 sp=0x0000000009e8e6c8 mode 2
Event: 11.620 Thread 0x0000000009c9d800 Uncommon trap: trap_request=0xffffffad fr.pc=0x00000000023fe8ac
Event: 11.620 Thread 0x0000000009c9d800 DEOPT PACKING pc=0x00000000023fe8ac sp=0x000000000a28eaa0
Event: 11.620 Thread 0x0000000009c9d800 DEOPT UNPACKING pc=0x00000000021b75a4 sp=0x000000000a28ea90 mode 2


Dynamic libraries:
0x00007ff64e690000 - 0x00007ff64e6c3000 	C:\Program Files\Java\jdk1.7.0_79\bin\java.exe
0x00007ff9efb00000 - 0x00007ff9efcc1000 	C:\Windows\SYSTEM32\ntdll.dll
0x00007ff9ed650000 - 0x00007ff9ed6fd000 	C:\Windows\system32\KERNEL32.DLL
0x00007ff9ece20000 - 0x00007ff9ecffd000 	C:\Windows\system32\KERNELBASE.dll
0x00007ff9ef790000 - 0x00007ff9ef836000 	C:\Windows\system32\ADVAPI32.dll
0x00007ff9ef410000 - 0x00007ff9ef4ad000 	C:\Windows\system32\msvcrt.dll
0x00007ff9eeed0000 - 0x00007ff9eef2b000 	C:\Windows\system32\sechost.dll
0x00007ff9ef660000 - 0x00007ff9ef786000 	C:\Windows\system32\RPCRT4.dll
0x00007ff9ed500000 - 0x00007ff9ed64e000 	C:\Windows\system32\USER32.dll
0x00007ff9eef30000 - 0x00007ff9ef0b6000 	C:\Windows\system32\GDI32.dll
0x00007ff9df790000 - 0x00007ff9dfa04000 	C:\Windows\WinSxS\amd64_microsoft.windows.common-controls_6595b64144ccf1df_6.0.10240.16384_none_f41f7b285750ef43\COMCTL32.dll
0x00007ff9ed4c0000 - 0x00007ff9ed4f6000 	C:\Windows\system32\IMM32.DLL
0x00007ff9ef0c0000 - 0x00007ff9ef21c000 	C:\Windows\system32\MSCTF.dll
0x00007ff9ec420000 - 0x00007ff9ec451000 	C:\Windows\system32\nvinitx.dll
0x00007ff9ec410000 - 0x00007ff9ec41a000 	C:\Windows\SYSTEM32\VERSION.dll
0x000000006a2a0000 - 0x000000006a2a6000 	C:\Program Files\NVIDIA Corporation\CoProcManager\_etoured.dll
0x00007ff9ea6b0000 - 0x00007ff9ea6e3000 	C:\Program Files\NVIDIA Corporation\CoProcManager\nvd3d9wrapx.dll
0x00007ff9ef220000 - 0x00007ff9ef3e5000 	C:\Windows\system32\SETUPAPI.dll
0x00007ff9ecc60000 - 0x00007ff9ecca4000 	C:\Windows\system32\CFGMGR32.dll
0x00007ff9ea660000 - 0x00007ff9ea682000 	C:\Program Files\NVIDIA Corporation\CoProcManager\nvdxgiwrapx.dll
0x0000000068930000 - 0x0000000068a02000 	C:\Program Files\Java\jdk1.7.0_79\jre\bin\msvcr100.dll
0x0000000067d40000 - 0x0000000068515000 	C:\Program Files\Java\jdk1.7.0_79\jre\bin\server\jvm.dll
0x00007ff9ed990000 - 0x00007ff9ed998000 	C:\Windows\system32\PSAPI.DLL
0x00007ff9e8920000 - 0x00007ff9e8929000 	C:\Windows\SYSTEM32\WSOCK32.dll
0x00007ff9efa90000 - 0x00007ff9efaf9000 	C:\Windows\system32\WS2_32.dll
0x00007ff9ed700000 - 0x00007ff9ed708000 	C:\Windows\system32\NSI.dll
0x00007ff9ea600000 - 0x00007ff9ea623000 	C:\Windows\SYSTEM32\WINMM.dll
0x00007ff9ea5d0000 - 0x00007ff9ea5fc000 	C:\Windows\SYSTEM32\WINMMBASE.dll
0x00007ff9eae50000 - 0x00007ff9eae77000 	C:\Windows\SYSTEM32\DEVOBJ.dll
0x000000006a0a0000 - 0x000000006a0af000 	C:\Program Files\Java\jdk1.7.0_79\jre\bin\verify.dll
0x0000000068d60000 - 0x0000000068d88000 	C:\Program Files\Java\jdk1.7.0_79\jre\bin\java.dll
0x000000006a080000 - 0x000000006a095000 	C:\Program Files\Java\jdk1.7.0_79\jre\bin\zip.dll
0x0000000068d40000 - 0x0000000068d5a000 	C:\Program Files\Java\jdk1.7.0_79\jre\bin\net.dll
0x00007ff9ebc20000 - 0x00007ff9ebc7d000 	C:\Windows\system32\mswsock.dll
0x0000000068d20000 - 0x0000000068d31000 	C:\Program Files\Java\jdk1.7.0_79\jre\bin\nio.dll

VM Arguments:
jvm_args: -Djava.awt.headless=true -Xmx1024M -Dfile.encoding=windows-1251 -Duser.country=UA -Duser.language=uk -Duser.variant 
java_command: com.android.dx.command.Main --dex --num-threads=4 --multi-dex --output C:\Users\Dmytro\AndroidStudioProjects\PhotoGallery\app\build\intermediates\transforms\dex\debug\folders\1000\10\com.android.support-appcompat-v7-23.1.0_8b7501c407ddbfb99773546c449db586bac2ab9a C:\Users\Dmytro\AndroidStudioProjects\PhotoGallery\app\build\intermediates\exploded-aar\com.android.support\appcompat-v7\23.1.0\jars\classes.jar
Launcher Type: SUN_STANDARD

Environment Variables:
JAVA_HOME=C:\Program Files\Java\jdk1.7.0_79
PATH=C:\Program Files\Java\jdk1.7.0_79;C:\Program Files (x86)\NVIDIA Corporation\PhysX\Common;C:\Program Files (x86)\Skype\Phone\
USERNAME=Dmytro
OS=Windows_NT
PROCESSOR_IDENTIFIER=Intel64 Family 6 Model 58 Stepping 9, GenuineIntel



---------------  S Y S T E M  ---------------

OS: Windows 8.1 , 64 bit Build 9600 

CPU:total 4 (2 cores per cpu, 2 threads per core) family 6 model 58 stepping 9, cmov, cx8, fxsr, mmx, sse, sse2, sse3, ssse3, sse4.1, sse4.2, popcnt, avx, erms, ht, tsc, tscinvbit, tscinv

Memory: 4k page, physical 8271684k(1544068k free), swap 8271684k(5948k free)

vm_info: Java HotSpot(TM) 64-Bit Server VM (24.79-b02) for windows-amd64 JRE (1.7.0_79-b15), built on Apr 10 2015 12:36:16 by "java_re" with unknown MS VC++:1600

time: Wed Feb 10 13:16:24 2016
elapsed time: 11 seconds

