#
# There is insufficient memory for the Java Runtime Environment to continue.
# Native memory allocation (malloc) failed to allocate 32744 bytes for ChunkPool::allocate
# Possible reasons:
#   The system is out of physical RAM or swap space
#   In 32 bit mode, the process size limit was hit
# Possible solutions:
#   Reduce memory load on the system
#   Increase physical memory or swap space
#   Check if swap backing store is full
#   Use 64 bit Java on a 64 bit OS
#   Decrease Java heap size (-Xmx/-Xms)
#   Decrease number of Java threads
#   Decrease Java thread stack sizes (-Xss)
#   Set larger code cache with -XX:ReservedCodeCacheSize=
# This output file may be truncated or incomplete.
#
#  Out of Memory Error (allocation.cpp:211), pid=2360, tid=2712
#
# JRE version: Java(TM) SE Runtime Environment (7.0_79-b15) (build 1.7.0_79-b15)
# Java VM: Java HotSpot(TM) 64-Bit Server VM (24.79-b02 mixed mode windows-amd64 compressed oops)
# Failed to write core dump. Minidumps are not enabled by default on client versions of Windows
#

---------------  T H R E A D  ---------------

Current thread (0x0000000008d6c000):  JavaThread "C2 CompilerThread0" daemon [_thread_in_native, id=2712, stack(0x000000000a2d0000,0x000000000a3d0000)]

Stack: [0x000000000a2d0000,0x000000000a3d0000]
[error occurred during error reporting (printing stack bounds), id 0xc0000005]


[error occurred during error reporting (printing native stack), id 0xc0000005]


Current CompileTask:
C2:    394    7             java.util.regex.Matcher::search (109 bytes)


---------------  P R O C E S S  ---------------

Java Threads: ( => current thread )
  0x0000000008d78800 JavaThread "Service Thread" daemon [_thread_blocked, id=5808, stack(0x000000000a4d0000,0x000000000a5d0000)]
  0x0000000008d6e000 JavaThread "C2 CompilerThread1" daemon [_thread_blocked, id=5784, stack(0x000000000a3d0000,0x000000000a4d0000)]
=>0x0000000008d6c000 JavaThread "C2 CompilerThread0" daemon [_thread_in_native, id=2712, stack(0x000000000a2d0000,0x000000000a3d0000)]
  0x0000000008d6b000 JavaThread "Attach Listener" daemon [_thread_blocked, id=736, stack(0x000000000a1d0000,0x000000000a2d0000)]
  0x0000000008d68000 JavaThread "Signal Dispatcher" daemon [_thread_blocked, id=2000, stack(0x000000000a0d0000,0x000000000a1d0000)]
  0x0000000008d2e000 JavaThread "Finalizer" daemon [_thread_blocked, id=5200, stack(0x0000000009fd0000,0x000000000a0d0000)]
  0x0000000008d25000 JavaThread "Reference Handler" daemon [_thread_blocked, id=1764, stack(0x0000000009ed0000,0x0000000009fd0000)]
  0x0000000002ecd800 JavaThread "main" [_thread_in_native, id=712, stack(0x0000000002c10000,0x0000000002d10000)]

Other Threads:
  0x0000000008d21000 VMThread [stack: 0x0000000009dd0000,0x0000000009ed0000] [id=3840]
  0x0000000008d8c800 WatcherThread [stack: 0x000000000a5d0000,0x000000000a6d0000] [id=3184]

VM state:not at safepoint (normal execution)

VM Mutex/Monitor currently owned by a thread: None

Heap
 PSYoungGen      total 38400K, used 3336K [0x00000000eaa80000, 0x00000000ed500000, 0x0000000100000000)
  eden space 33280K, 10% used [0x00000000eaa80000,0x00000000eadc2088,0x00000000ecb00000)
  from space 5120K, 0% used [0x00000000ed000000,0x00000000ed000000,0x00000000ed500000)
  to   space 5120K, 0% used [0x00000000ecb00000,0x00000000ecb00000,0x00000000ed000000)
 ParOldGen       total 86016K, used 0K [0x00000000c0000000, 0x00000000c5400000, 0x00000000eaa80000)
  object space 86016K, 0% used [0x00000000c0000000,0x00000000c0000000,0x00000000c5400000)
 PSPermGen       total 21504K, used 3296K [0x00000000bae00000, 0x00000000bc300000, 0x00000000c0000000)
  object space 21504K, 15% used [0x00000000bae00000,0x00000000bb138178,0x00000000bc300000)

Card table byte_map: [0x0000000005f90000,0x00000000061c0000] byte_map_base: 0x00000000059b9000

Polling page: 0x0000000002d10000

Code Cache  [0x0000000002ed0000, 0x0000000003140000, 0x0000000005ed0000)
 total_blobs=196 nmethods=6 adapters=143 free_code_cache=48757Kb largest_free_block=49906112

Compilation events (10 events):
Event: 0.315 Thread 0x0000000008d6e000    2             java.lang.String::hashCode (55 bytes)
Event: 0.319 Thread 0x0000000008d6e000 nmethod 2 0x0000000002f30ad0 code [0x0000000002f30c00, 0x0000000002f30d58]
Event: 0.328 Thread 0x0000000008d6c000    3             java.lang.String::lastIndexOf (52 bytes)
Event: 0.332 Thread 0x0000000008d6c000 nmethod 3 0x0000000002f304d0 code [0x0000000002f30620, 0x0000000002f30788]
Event: 0.361 Thread 0x0000000008d6e000    4             java.lang.String::replace (127 bytes)
Event: 0.372 Thread 0x0000000008d6c000    5             java.util.regex.Matcher::reset (83 bytes)
Event: 0.375 Thread 0x0000000008d6e000 nmethod 4 0x0000000002f37710 code [0x0000000002f37860, 0x0000000002f37cb8]
Event: 0.375 Thread 0x0000000008d6c000 nmethod 5 0x0000000002f32310 code [0x0000000002f32460, 0x0000000002f32598]
Event: 0.377 Thread 0x0000000008d6e000    6             java.util.regex.Pattern$BnM::optimize (179 bytes)
Event: 0.386 Thread 0x0000000008d6c000    7             java.util.regex.Matcher::search (109 bytes)

GC Heap History (0 events):
No events

Deoptimization events (0 events):
No events

Internal exceptions (10 events):
Event: 0.327 Thread 0x0000000002ecd800 Threw 0x00000000eac30cb8 at C:\re\jdk7u79\2331\hotspot\src\share\vm\prims\jvm.cpp:1304
Event: 0.328 Thread 0x0000000002ecd800 Threw 0x00000000eac32c70 at C:\re\jdk7u79\2331\hotspot\src\share\vm\prims\jvm.cpp:1304
Event: 0.328 Thread 0x0000000002ecd800 Threw 0x00000000eac37650 at C:\re\jdk7u79\2331\hotspot\src\share\vm\prims\jvm.cpp:1304
Event: 0.333 Thread 0x0000000002ecd800 Threw 0x00000000eac3b8e8 at C:\re\jdk7u79\2331\hotspot\src\share\vm\prims\jvm.cpp:1304
Event: 0.334 Thread 0x0000000002ecd800 Threw 0x00000000eac40158 at C:\re\jdk7u79\2331\hotspot\src\share\vm\prims\jvm.cpp:1304
Event: 0.334 Thread 0x0000000002ecd800 Threw 0x00000000eac44548 at C:\re\jdk7u79\2331\hotspot\src\share\vm\prims\jvm.cpp:1304
Event: 0.339 Thread 0x0000000002ecd800 Threw 0x00000000eac4bae8 at C:\re\jdk7u79\2331\hotspot\src\share\vm\prims\jvm.cpp:1304
Event: 0.355 Thread 0x0000000002ecd800 Threw 0x00000000eac510e0 at C:\re\jdk7u79\2331\hotspot\src\share\vm\prims\jvm.cpp:1304
Event: 0.356 Thread 0x0000000002ecd800 Threw 0x00000000eac53078 at C:\re\jdk7u79\2331\hotspot\src\share\vm\prims\jvm.cpp:1304
Event: 0.357 Thread 0x0000000002ecd800 Threw 0x00000000eac5c9b0 at C:\re\jdk7u79\2331\hotspot\src\share\vm\prims\jvm.cpp:1304

Events (10 events):
Event: 0.359 loading class 0x0000000008da0290 done
Event: 0.359 loading class 0x0000000008da0200 done
Event: 0.359 loading class 0x0000000008d9fb00
Event: 0.359 loading class 0x0000000008d9fb00 done
Event: 0.359 loading class 0x0000000008da02c0
Event: 0.359 loading class 0x0000000008da02c0 done
Event: 0.359 loading class 0x0000000002dbca50
Event: 0.359 loading class 0x0000000008da2010
Event: 0.359 loading class 0x0000000008da2010 done
Event: 0.359 loading class 0x0000000002dbca50 done


Dynamic libraries:
0x00007ff64e690000 - 0x00007ff64e6c3000 	C:\Program Files\Java\jdk1.7.0_79\bin\java.exe
0x00007ff9efb00000 - 0x00007ff9efcc1000 	C:\Windows\SYSTEM32\ntdll.dll
0x00007ff9ed650000 - 0x00007ff9ed6fd000 	C:\Windows\system32\KERNEL32.DLL
0x00007ff9ece20000 - 0x00007ff9ecffd000 	C:\Windows\system32\KERNELBASE.dll
0x00007ff9ef790000 - 0x00007ff9ef836000 	C:\Windows\system32\ADVAPI32.dll
0x00007ff9ef410000 - 0x00007ff9ef4ad000 	C:\Windows\system32\msvcrt.dll
0x00007ff9eeed0000 - 0x00007ff9eef2b000 	C:\Windows\system32\sechost.dll
0x00007ff9ef660000 - 0x00007ff9ef786000 	C:\Windows\system32\RPCRT4.dll
0x00007ff9ed500000 - 0x00007ff9ed64e000 	C:\Windows\system32\USER32.dll
0x00007ff9eef30000 - 0x00007ff9ef0b6000 	C:\Windows\system32\GDI32.dll
0x00007ff9df790000 - 0x00007ff9dfa04000 	C:\Windows\WinSxS\amd64_microsoft.windows.common-controls_6595b64144ccf1df_6.0.10240.16384_none_f41f7b285750ef43\COMCTL32.dll
0x00007ff9ed4c0000 - 0x00007ff9ed4f6000 	C:\Windows\system32\IMM32.DLL
0x00007ff9ef0c0000 - 0x00007ff9ef21c000 	C:\Windows\system32\MSCTF.dll
0x00007ff9ec420000 - 0x00007ff9ec451000 	C:\Windows\system32\nvinitx.dll
0x00007ff9ec410000 - 0x00007ff9ec41a000 	C:\Windows\SYSTEM32\VERSION.dll
0x000000006a2a0000 - 0x000000006a2a6000 	C:\Program Files\NVIDIA Corporation\CoProcManager\_etoured.dll
0x00007ff9ea6b0000 - 0x00007ff9ea6e3000 	C:\Program Files\NVIDIA Corporation\CoProcManager\nvd3d9wrapx.dll
0x00007ff9ef220000 - 0x00007ff9ef3e5000 	C:\Windows\system32\SETUPAPI.dll
0x00007ff9ecc60000 - 0x00007ff9ecca4000 	C:\Windows\system32\CFGMGR32.dll
0x00007ff9ea660000 - 0x00007ff9ea682000 	C:\Program Files\NVIDIA Corporation\CoProcManager\nvdxgiwrapx.dll
0x0000000068930000 - 0x0000000068a02000 	C:\Program Files\Java\jdk1.7.0_79\jre\bin\msvcr100.dll
0x0000000067d40000 - 0x0000000068515000 	C:\Program Files\Java\jdk1.7.0_79\jre\bin\server\jvm.dll
0x00007ff9ed990000 - 0x00007ff9ed998000 	C:\Windows\system32\PSAPI.DLL
0x00007ff9e8920000 - 0x00007ff9e8929000 	C:\Windows\SYSTEM32\WSOCK32.dll
0x00007ff9efa90000 - 0x00007ff9efaf9000 	C:\Windows\system32\WS2_32.dll
0x00007ff9ed700000 - 0x00007ff9ed708000 	C:\Windows\system32\NSI.dll
0x00007ff9ea600000 - 0x00007ff9ea623000 	C:\Windows\SYSTEM32\WINMM.dll
0x00007ff9ea5d0000 - 0x00007ff9ea5fc000 	C:\Windows\SYSTEM32\WINMMBASE.dll
0x00007ff9eae50000 - 0x00007ff9eae77000 	C:\Windows\SYSTEM32\DEVOBJ.dll
0x000000006a0a0000 - 0x000000006a0af000 	C:\Program Files\Java\jdk1.7.0_79\jre\bin\verify.dll
0x0000000068d60000 - 0x0000000068d88000 	C:\Program Files\Java\jdk1.7.0_79\jre\bin\java.dll
0x000000006a080000 - 0x000000006a095000 	C:\Program Files\Java\jdk1.7.0_79\jre\bin\zip.dll

VM Arguments:
jvm_args: -Djava.awt.headless=true -Xmx1024M -Dfile.encoding=windows-1251 -Duser.country=UA -Duser.language=uk -Duser.variant 
java_command: com.android.dx.command.Main --dex --num-threads=4 --output C:\Users\Dmytro\AndroidStudioProjects\PhotoGallery\app\build\intermediates\pre-dexed\debug\android-query-full.0.26.8_f9394a3b7fc3216e9542b794421c5258a47f2c2f.jar C:\Users\Dmytro\AndroidStudioProjects\PhotoGallery\app\libs\android-query-full.0.26.8.jar
Launcher Type: SUN_STANDARD

Environment Variables:
JAVA_HOME=C:\Program Files\Java\jdk1.7.0_79
PATH=C:\Program Files\Java\jdk1.7.0_79;C:\Program Files (x86)\NVIDIA Corporation\PhysX\Common;C:\Program Files (x86)\Skype\Phone\
USERNAME=Dmytro
OS=Windows_NT
PROCESSOR_IDENTIFIER=Intel64 Family 6 Model 58 Stepping 9, GenuineIntel



---------------  S Y S T E M  ---------------

OS: Windows 8.1 , 64 bit Build 9600 

CPU:total 4 (2 cores per cpu, 2 threads per core) family 6 model 58 stepping 9, cmov, cx8, fxsr, mmx, sse, sse2, sse3, ssse3, sse4.1, sse4.2, popcnt, avx, erms, ht, tsc, tscinvbit, tscinv

Memory: 4k page, physical 8271684k(1374896k free), swap 8271684k(4088k free)

vm_info: Java HotSpot(TM) 64-Bit Server VM (24.79-b02) for windows-amd64 JRE (1.7.0_79-b15), built on Apr 10 2015 12:36:16 by "java_re" with unknown MS VC++:1600

time: Wed Feb 10 12:54:31 2016
elapsed time: 0 seconds

