#
# There is insufficient memory for the Java Runtime Environment to continue.
# Native memory allocation (malloc) failed to allocate 230976 bytes for Chunk::new
# Possible reasons:
#   The system is out of physical RAM or swap space
#   In 32 bit mode, the process size limit was hit
# Possible solutions:
#   Reduce memory load on the system
#   Increase physical memory or swap space
#   Check if swap backing store is full
#   Use 64 bit Java on a 64 bit OS
#   Decrease Java heap size (-Xmx/-Xms)
#   Decrease number of Java threads
#   Decrease Java thread stack sizes (-Xss)
#   Set larger code cache with -XX:ReservedCodeCacheSize=
# This output file may be truncated or incomplete.
#
#  Out of Memory Error (allocation.cpp:323), pid=2712, tid=1892
#
# JRE version: Java(TM) SE Runtime Environment (7.0_79-b15) (build 1.7.0_79-b15)
# Java VM: Java HotSpot(TM) 64-Bit Server VM (24.79-b02 mixed mode windows-amd64 compressed oops)
# Failed to write core dump. Minidumps are not enabled by default on client versions of Windows
#

---------------  T H R E A D  ---------------

Current thread (0x00000000081e3800):  JavaThread "C2 CompilerThread0" daemon [_thread_in_native, id=1892, stack(0x0000000009760000,0x0000000009860000)]

Stack: [0x0000000009760000,0x0000000009860000]
[error occurred during error reporting (printing stack bounds), id 0xc0000005]


[error occurred during error reporting (printing native stack), id 0xc0000005]


Current CompileTask:
C2:   5455  340             java.util.TreeMap::put (247 bytes)


---------------  P R O C E S S  ---------------

Java Threads: ( => current thread )
  0x0000000009d41000 JavaThread "pool-1-thread-4" [_thread_blocked, id=5184, stack(0x000000000a360000,0x000000000a460000)]
  0x0000000009d40000 JavaThread "pool-1-thread-3" [_thread_in_Java, id=5336, stack(0x000000000a260000,0x000000000a360000)]
  0x0000000009d67000 JavaThread "pool-1-thread-2" [_thread_blocked, id=3052, stack(0x000000000a160000,0x000000000a260000)]
  0x0000000009be7000 JavaThread "pool-2-thread-1" [_thread_blocked, id=6104, stack(0x000000000a060000,0x000000000a160000)]
  0x0000000009d1b000 JavaThread "pool-1-thread-1" [_thread_blocked, id=6984, stack(0x0000000009f60000,0x000000000a060000)]
  0x00000000081f4800 JavaThread "Service Thread" daemon [_thread_blocked, id=5720, stack(0x0000000009960000,0x0000000009a60000)]
  0x00000000081e5800 JavaThread "C2 CompilerThread1" daemon [_thread_in_native, id=1120, stack(0x0000000009860000,0x0000000009960000)]
=>0x00000000081e3800 JavaThread "C2 CompilerThread0" daemon [_thread_in_native, id=1892, stack(0x0000000009760000,0x0000000009860000)]
  0x00000000081e2800 JavaThread "Attach Listener" daemon [_thread_blocked, id=904, stack(0x0000000009660000,0x0000000009760000)]
  0x00000000081df800 JavaThread "Signal Dispatcher" daemon [_thread_blocked, id=3736, stack(0x0000000009560000,0x0000000009660000)]
  0x00000000081a8800 JavaThread "Finalizer" daemon [_thread_blocked, id=3988, stack(0x0000000009460000,0x0000000009560000)]
  0x00000000081a5000 JavaThread "Reference Handler" daemon [_thread_blocked, id=6172, stack(0x0000000009360000,0x0000000009460000)]
  0x0000000002250800 JavaThread "main" [_thread_blocked, id=6760, stack(0x0000000002150000,0x0000000002250000)]

Other Threads:
  0x00000000081a0000 VMThread [stack: 0x0000000009260000,0x0000000009360000] [id=3328]
  0x0000000008202000 WatcherThread [stack: 0x0000000009a60000,0x0000000009b60000] [id=4404]

VM state:not at safepoint (normal execution)

VM Mutex/Monitor currently owned by a thread: None

Heap
 PSYoungGen      total 38400K, used 24827K [0x00000000eaa80000, 0x00000000ef580000, 0x0000000100000000)
  eden space 33280K, 59% used [0x00000000eaa80000,0x00000000ebdc3490,0x00000000ecb00000)
  from space 5120K, 99% used [0x00000000ecb00000,0x00000000ecffb7b0,0x00000000ed000000)
  to   space 5120K, 0% used [0x00000000ef080000,0x00000000ef080000,0x00000000ef580000)
 ParOldGen       total 86016K, used 1755K [0x00000000c0000000, 0x00000000c5400000, 0x00000000eaa80000)
  object space 86016K, 2% used [0x00000000c0000000,0x00000000c01b6de8,0x00000000c5400000)
 PSPermGen       total 21504K, used 5870K [0x00000000bae00000, 0x00000000bc300000, 0x00000000c0000000)
  object space 21504K, 27% used [0x00000000bae00000,0x00000000bb3bba20,0x00000000bc300000)

Card table byte_map: [0x0000000005410000,0x0000000005640000] byte_map_base: 0x0000000004e39000

Polling page: 0x0000000000840000

Code Cache  [0x0000000002350000, 0x00000000025c0000, 0x0000000005350000)
 total_blobs=576 nmethods=339 adapters=189 free_code_cache=47862Kb largest_free_block=48960384

Compilation events (10 events):
Event: 5.098 Thread 0x00000000081e3800 nmethod 336 0x000000000248a910 code [0x000000000248aac0, 0x000000000248b050]
Event: 5.098 Thread 0x00000000081e3800  337   !         com.android.dx.rop.cst.StdConstantPool::get (24 bytes)
Event: 5.098 Thread 0x00000000081e3800 nmethod 337 0x000000000248a690 code [0x000000000248a7c0, 0x000000000248a858]
Event: 5.394 Thread 0x00000000081e5800 nmethod 330 0x0000000002496b10 code [0x0000000002496f00, 0x000000000249a140]
Event: 5.402 Thread 0x00000000081e3800  338             java.lang.Enum::ordinal (5 bytes)
Event: 5.402 Thread 0x00000000081e3800 nmethod 338 0x000000000248a490 code [0x000000000248a5c0, 0x000000000248a618]
Event: 5.440 Thread 0x00000000081e5800  339             java.lang.StringBuilder::append (8 bytes)
Event: 5.445 Thread 0x00000000081e3800  340             java.util.TreeMap::put (247 bytes)
Event: 5.447 Thread 0x00000000081e5800 nmethod 339 0x000000000248d510 code [0x000000000248d660, 0x000000000248d9f8]
Event: 5.450 Thread 0x00000000081e5800  341             com.android.dx.ssa.SsaBasicBlock::forEachInsn (37 bytes)

GC Heap History (2 events):
Event: 3.419 GC heap before
{Heap before GC invocations=1 (full 0):
 PSYoungGen      total 38400K, used 33280K [0x00000000eaa80000, 0x00000000ed500000, 0x0000000100000000)
  eden space 33280K, 100% used [0x00000000eaa80000,0x00000000ecb00000,0x00000000ecb00000)
  from space 5120K, 0% used [0x00000000ed000000,0x00000000ed000000,0x00000000ed500000)
  to   space 5120K, 0% used [0x00000000ecb00000,0x00000000ecb00000,0x00000000ed000000)
 ParOldGen       total 86016K, used 0K [0x00000000c0000000, 0x00000000c5400000, 0x00000000eaa80000)
  object space 86016K, 0% used [0x00000000c0000000,0x00000000c0000000,0x00000000c5400000)
 PSPermGen       total 21504K, used 5836K [0x00000000bae00000, 0x00000000bc300000, 0x00000000c0000000)
  object space 21504K, 27% used [0x00000000bae00000,0x00000000bb3b3010,0x00000000bc300000)
Event: 3.478 GC heap after
Heap after GC invocations=1 (full 0):
 PSYoungGen      total 38400K, used 5101K [0x00000000eaa80000, 0x00000000ef580000, 0x0000000100000000)
  eden space 33280K, 0% used [0x00000000eaa80000,0x00000000eaa80000,0x00000000ecb00000)
  from space 5120K, 99% used [0x00000000ecb00000,0x00000000ecffb7b0,0x00000000ed000000)
  to   space 5120K, 0% used [0x00000000ef080000,0x00000000ef080000,0x00000000ef580000)
 ParOldGen       total 86016K, used 1755K [0x00000000c0000000, 0x00000000c5400000, 0x00000000eaa80000)
  object space 86016K, 2% used [0x00000000c0000000,0x00000000c01b6de8,0x00000000c5400000)
 PSPermGen       total 21504K, used 5836K [0x00000000bae00000, 0x00000000bc300000, 0x00000000c0000000)
  object space 21504K, 27% used [0x00000000bae00000,0x00000000bb3b3010,0x00000000bc300000)
}

Deoptimization events (10 events):
Event: 1.189 Thread 0x0000000002250800 Uncommon trap: reason=class_check action=maybe_recompile pc=0x00000000023cfcbc method=com.android.dx.ssa.NormalSsaInsn.accept(Lcom/android/dx/ssa/SsaInsn$Visitor;)V @ 9
Event: 1.192 Thread 0x0000000002250800 Uncommon trap: reason=class_check action=maybe_recompile pc=0x00000000023cfcbc method=com.android.dx.ssa.NormalSsaInsn.accept(Lcom/android/dx/ssa/SsaInsn$Visitor;)V @ 9
Event: 1.197 Thread 0x0000000009d1b000 Uncommon trap: reason=null_check action=make_not_entrant pc=0x00000000023cfe74 method=com.android.dx.rop.code.LocalItem.equals(Ljava/lang/Object;)Z @ 1
Event: 2.405 Thread 0x0000000009d40000 Uncommon trap: reason=unreached action=reinterpret pc=0x00000000023e7dc4 method=com.android.dx.rop.cst.Constant.compareTo(Lcom/android/dx/rop/cst/Constant;)I @ 12
Event: 3.959 Thread 0x0000000002250800 Uncommon trap: reason=bimorphic action=maybe_recompile pc=0x0000000002464fe4 method=com.android.dx.cf.code.BytecodeArray.parseInstruction(ILcom/android/dx/cf/code/BytecodeArray$Visitor;)I @ 2135
Event: 3.960 Thread 0x0000000002250800 Uncommon trap: reason=bimorphic action=maybe_recompile pc=0x0000000002464fe4 method=com.android.dx.cf.code.BytecodeArray.parseInstruction(ILcom/android/dx/cf/code/BytecodeArray$Visitor;)I @ 2135
Event: 3.973 Thread 0x0000000002250800 Uncommon trap: reason=bimorphic action=maybe_recompile pc=0x000000000245670c method=com.android.dx.cf.code.BaseMachine.getLocalTarget(Z)Lcom/android/dx/rop/code/RegisterSpec; @ 70
Event: 3.973 Thread 0x0000000002250800 Uncommon trap: reason=bimorphic action=maybe_recompile pc=0x000000000245670c method=com.android.dx.cf.code.BaseMachine.getLocalTarget(Z)Lcom/android/dx/rop/code/RegisterSpec; @ 70
Event: 4.329 Thread 0x0000000002250800 Uncommon trap: reason=unreached action=reinterpret pc=0x0000000002464d20 method=com.android.dx.cf.code.BytecodeArray.parseInstruction(ILcom/android/dx/cf/code/BytecodeArray$Visitor;)I @ 1198
Event: 5.450 Thread 0x0000000009d41000 Uncommon trap: reason=null_check action=make_not_entrant pc=0x00000000023dab00 method=com.android.dx.ssa.SsaRenamer.getLocalForNewReg(I)Lcom/android/dx/rop/code/LocalItem; @ 19

Internal exceptions (10 events):
Event: 0.823 Thread 0x0000000009d1b000 Threw 0x00000000eb431238 at C:\re\jdk7u79\2331\hotspot\src\share\vm\prims\jvm.cpp:1304
Event: 0.828 Thread 0x0000000002250800 Threw 0x00000000eb58d6d8 at C:\re\jdk7u79\2331\hotspot\src\share\vm\prims\jvm.cpp:1304
Event: 0.832 Thread 0x0000000009d67000 Threw 0x00000000eb20c980 at C:\re\jdk7u79\2331\hotspot\src\share\vm\prims\jvm.cpp:1304
Event: 0.840 Thread 0x0000000009d40000 Threw 0x00000000eb29d228 at C:\re\jdk7u79\2331\hotspot\src\share\vm\prims\jvm.cpp:1304
Event: 0.848 Thread 0x0000000009d1b000 Threw 0x00000000eb6fd868 at C:\re\jdk7u79\2331\hotspot\src\share\vm\prims\jvm.cpp:1304
Event: 1.180 Thread 0x0000000009d1b000 Implicit null exception at 0x00000000023cc95b to 0x00000000023ccca1
Event: 1.187 Thread 0x0000000009d1b000 Threw 0x00000000eb77c2c0 at C:\re\jdk7u79\2331\hotspot\src\share\vm\prims\jvm.cpp:1304
Event: 1.197 Thread 0x0000000009d1b000 Implicit null exception at 0x00000000023cf6b0 to 0x00000000023cfe59
Event: 1.238 Thread 0x0000000002250800 Threw 0x00000000eb6e37d0 at C:\re\jdk7u79\2331\hotspot\src\share\vm\prims\jvm.cpp:1304
Event: 5.450 Thread 0x0000000009d41000 Implicit null exception at 0x00000000023da0f3 to 0x00000000023daae5

Events (10 events):
Event: 3.973 Thread 0x0000000002250800 DEOPT PACKING pc=0x000000000245670c sp=0x000000000224e030
Event: 3.973 Thread 0x0000000002250800 DEOPT UNPACKING pc=0x00000000023875a4 sp=0x000000000224df68 mode 2
Event: 4.202 Executing VM operation: EnableBiasedLocking
Event: 4.231 Executing VM operation: EnableBiasedLocking done
Event: 4.329 Thread 0x0000000002250800 Uncommon trap: trap_request=0xffffffad fr.pc=0x0000000002464d20
Event: 4.329 Thread 0x0000000002250800 DEOPT PACKING pc=0x0000000002464d20 sp=0x000000000224e200
Event: 4.330 Thread 0x0000000002250800 DEOPT UNPACKING pc=0x00000000023875a4 sp=0x000000000224e1c0 mode 2
Event: 5.450 Thread 0x0000000009d41000 Uncommon trap: trap_request=0xfffffff4 fr.pc=0x00000000023dab00
Event: 5.450 Thread 0x0000000009d41000 DEOPT PACKING pc=0x00000000023dab00 sp=0x000000000a45ecf0
Event: 5.450 Thread 0x0000000009d41000 DEOPT UNPACKING pc=0x00000000023875a4 sp=0x000000000a45ead8 mode 2


Dynamic libraries:
0x00007ff6afb50000 - 0x00007ff6afb83000 	C:\Program Files\Java\jdk1.7.0_79\bin\java.exe
0x00007ffbb6090000 - 0x00007ffbb6251000 	C:\Windows\SYSTEM32\ntdll.dll
0x00007ffbb3760000 - 0x00007ffbb380d000 	C:\Windows\system32\KERNEL32.DLL
0x00007ffbb2e40000 - 0x00007ffbb301d000 	C:\Windows\system32\KERNELBASE.dll
0x00007ffbb3d40000 - 0x00007ffbb3de6000 	C:\Windows\system32\ADVAPI32.dll
0x00007ffbb4320000 - 0x00007ffbb43bd000 	C:\Windows\system32\msvcrt.dll
0x00007ffbb3e10000 - 0x00007ffbb3e6b000 	C:\Windows\system32\sechost.dll
0x00007ffbb58f0000 - 0x00007ffbb5a16000 	C:\Windows\system32\RPCRT4.dll
0x00007ffbb41c0000 - 0x00007ffbb430e000 	C:\Windows\system32\USER32.dll
0x00007ffbb3e70000 - 0x00007ffbb3ff6000 	C:\Windows\system32\GDI32.dll
0x00007ffbae6d0000 - 0x00007ffbae944000 	C:\Windows\WinSxS\amd64_microsoft.windows.common-controls_6595b64144ccf1df_6.0.10240.16384_none_f41f7b285750ef43\COMCTL32.dll
0x00007ffbb4070000 - 0x00007ffbb40a6000 	C:\Windows\system32\IMM32.DLL
0x00007ffbb5a20000 - 0x00007ffbb5b7c000 	C:\Windows\system32\MSCTF.dll
0x00007ffbb29b0000 - 0x00007ffbb29e1000 	C:\Windows\system32\nvinitx.dll
0x00007ffbb29a0000 - 0x00007ffbb29aa000 	C:\Windows\SYSTEM32\VERSION.dll
0x000000006be40000 - 0x000000006be46000 	C:\Program Files\NVIDIA Corporation\CoProcManager\_etoured.dll
0x00007ffbb1130000 - 0x00007ffbb1163000 	C:\Program Files\NVIDIA Corporation\CoProcManager\nvd3d9wrapx.dll
0x00007ffbb3ab0000 - 0x00007ffbb3c75000 	C:\Windows\system32\SETUPAPI.dll
0x00007ffbb3710000 - 0x00007ffbb3754000 	C:\Windows\system32\CFGMGR32.dll
0x00007ffbafa50000 - 0x00007ffbafa72000 	C:\Program Files\NVIDIA Corporation\CoProcManager\nvdxgiwrapx.dll
0x0000000069ae0000 - 0x0000000069bb2000 	C:\Program Files\Java\jdk1.7.0_79\jre\bin\msvcr100.dll
0x0000000069ea0000 - 0x000000006a675000 	C:\Program Files\Java\jdk1.7.0_79\jre\bin\server\jvm.dll
0x00007ffbb3870000 - 0x00007ffbb3878000 	C:\Windows\system32\PSAPI.DLL
0x00007ffbb08d0000 - 0x00007ffbb08d9000 	C:\Windows\SYSTEM32\WSOCK32.dll
0x00007ffbb3a40000 - 0x00007ffbb3aa9000 	C:\Windows\system32\WS2_32.dll
0x00007ffbb4310000 - 0x00007ffbb4318000 	C:\Windows\system32\NSI.dll
0x00007ffbb10c0000 - 0x00007ffbb10e3000 	C:\Windows\SYSTEM32\WINMM.dll
0x00007ffbb1060000 - 0x00007ffbb108c000 	C:\Windows\SYSTEM32\WINMMBASE.dll
0x00007ffbb1340000 - 0x00007ffbb1367000 	C:\Windows\SYSTEM32\DEVOBJ.dll
0x000000006add0000 - 0x000000006addf000 	C:\Program Files\Java\jdk1.7.0_79\jre\bin\verify.dll
0x000000006ada0000 - 0x000000006adc8000 	C:\Program Files\Java\jdk1.7.0_79\jre\bin\java.dll
0x000000006ad80000 - 0x000000006ad95000 	C:\Program Files\Java\jdk1.7.0_79\jre\bin\zip.dll
0x000000006ad60000 - 0x000000006ad7a000 	C:\Program Files\Java\jdk1.7.0_79\jre\bin\net.dll
0x00007ffbb2280000 - 0x00007ffbb22dd000 	C:\Windows\system32\mswsock.dll
0x000000006ad40000 - 0x000000006ad51000 	C:\Program Files\Java\jdk1.7.0_79\jre\bin\nio.dll

VM Arguments:
jvm_args: -Djava.awt.headless=true -Xmx1024M -Dfile.encoding=windows-1251 -Duser.country=UA -Duser.language=uk -Duser.variant 
java_command: com.android.dx.command.Main --dex --num-threads=4 --output C:\Users\Dmytro\AndroidStudioProjects\PhotoGallery\app\build\intermediates\pre-dexed\debug\com.android.support-recyclerview-v7-23.1.1_d1a5772f55315837c3b0b0b2e2f8a4e6f75999b3.jar C:\Users\Dmytro\AndroidStudioProjects\PhotoGallery\app\build\intermediates\exploded-aar\com.android.support\recyclerview-v7\23.1.1\jars\classes.jar
Launcher Type: SUN_STANDARD

Environment Variables:
JAVA_HOME=C:\Program Files\Java\jdk1.7.0_79
PATH=C:\Program Files\Java\jdk1.7.0_79;C:\Program Files (x86)\NVIDIA Corporation\PhysX\Common;C:\Program Files (x86)\Skype\Phone\
USERNAME=Dmytro
OS=Windows_NT
PROCESSOR_IDENTIFIER=Intel64 Family 6 Model 58 Stepping 9, GenuineIntel



---------------  S Y S T E M  ---------------

OS: Windows 8.1 , 64 bit Build 9600 

CPU:total 4 (2 cores per cpu, 2 threads per core) family 6 model 58 stepping 9, cmov, cx8, fxsr, mmx, sse, sse2, sse3, ssse3, sse4.1, sse4.2, popcnt, avx, erms, ht, tsc, tscinvbit, tscinv

Memory: 4k page, physical 8271684k(992568k free), swap 8271684k(5200k free)

vm_info: Java HotSpot(TM) 64-Bit Server VM (24.79-b02) for windows-amd64 JRE (1.7.0_79-b15), built on Apr 10 2015 12:36:16 by "java_re" with unknown MS VC++:1600

time: Thu Feb 11 15:00:59 2016
elapsed time: 5 seconds

